<?xml version="1.0" encoding="UTF-8" ?>
<testsuite errors="1" failures="0" hostname="ies-iesdwx-n187" name="chs.teamplay.common.CapitalHTMLEditorTest" skipped="0" tests="32" time="55.206" timestamp="2021-05-05T00:22:55">
  <properties>
[...]
</properties>
  <testcase classname="chs.teamplay.common.CapitalHTMLEditorTest" name="testInsertJPEGImageIntoEditor1" time="30.232" />
  <testcase classname="chs.teamplay.common.CapitalHTMLEditorTest" name="testInvalidExternalHyperlinkInHTMLEditor1" time="0.426" />
  <testcase classname="chs.teamplay.common.CapitalHTMLEditorTest" name="testInvalidExternalHyperlinkInHTMLEditor2" time="0.47" />
  <testcase classname="chs.teamplay.common.CapitalHTMLEditorTest" name="testMentionUserHotKeyDoesNotGetFiredWhenCollaborationDisabled" time="0.309" />
  <testcase classname="chs.teamplay.common.CapitalHTMLEditorTest" name="testImageIconView" time="0.034" />
  <testcase classname="chs.teamplay.common.CapitalHTMLEditorTest" name="testInsertHyperlinkAction" time="0.293" />
  <testcase classname="chs.teamplay.common.CapitalHTMLEditorTest" name="testCustomButtonIds" time="0.02" />
  <testcase classname="chs.teamplay.common.CapitalHTMLEditorTest" name="testInternalHyperlinkInHTMLEditor" time="15.512" />
  <testcase classname="chs.teamplay.common.CapitalHTMLEditorTest" name="testMentionUserHotKey" time="0.132" />
  <testcase classname="chs.teamplay.common.CapitalHTMLEditorTest" name="testCustomButtons" time="0.091" />
  <testcase classname="chs.teamplay.common.CapitalHTMLEditorTest" name="testInsertUserDoesNotWorkWhenNoLicense" time="0.136" />
  <testcase classname="chs.teamplay.common.CapitalHTMLEditorTest" name="testInvalidExternalHyperlinkInHTMLEditor" time="0.428" />
  <testcase classname="chs.teamplay.common.CapitalHTMLEditorTest" name="testCupportedImageTypes" time="0.021" />
  <testcase classname="chs.teamplay.common.CapitalHTMLEditorTest" name="testHyperlinkHandler" time="0.075" />
  <testcase classname="chs.teamplay.common.CapitalHTMLEditorTest" name="testInsertExternalHyperlinkHotKey" time="0.095" />
  <testcase classname="chs.teamplay.common.CapitalHTMLEditorTest" name="testInvalidHotKey" time="0.056" />
  <testcase classname="chs.teamplay.common.CapitalHTMLEditorTest" name="testExternalHTTPSHyperlinkInHTMLEditor" time="0.283" />
  <testcase classname="chs.teamplay.common.CapitalHTMLEditorTest" name="testHyperlinkInfoFetcher" time="0.062" />
  <testcase classname="chs.teamplay.common.CapitalHTMLEditorTest" name="testFecthingHyperlinkAddress" time="0.169" />
  <testcase classname="chs.teamplay.common.CapitalHTMLEditorTest" name="testInvalidOrFakeImageIconView" time="0.024" />
  <testcase classname="chs.teamplay.common.CapitalHTMLEditorTest" name="testInsertJPEGImageIntoEditor" time="1.319" />
  <testcase classname="chs.teamplay.common.CapitalHTMLEditorTest" name="testInsertPNGImageIntoEditor" time="0.614" />
  <testcase classname="chs.teamplay.common.CapitalHTMLEditorTest" name="testCustomButtonsWhenTeamPlayLicenseIsNotAvailable" time="0.187" />
  <testcase classname="chs.teamplay.common.CapitalHTMLEditorTest" name="testExternalHyperlinkInHTMLEditor" time="0.265">
    <error message="Missing 1 invocation to:&#xa;chs.teamplay.TeamPlayServices#isCollaborationEnabled()" type="mockit.internal.expectations.invocation.MissingInvocation">Missing 1 invocation to:
chs.teamplay.TeamPlayServices#isCollaborationEnabled()
Caused by: Missing invocations
	at chs.teamplay.TeamPlayServices.isCollaborationEnabled(TeamPlayServices.java)
	at chs.teamplay.common.CapitalHTMLEditor.getCustomButtons(CapitalHTMLEditor.java:288)
	at chs.teamplay.common.CapitalHTMLEditor.lambda$addCustomButtonsToToolBar$8(CapitalHTMLEditor.java:278)
	at com.sun.javafx.application.PlatformImpl.lambda$runLater$10(PlatformImpl.java:428)
	at java.base/java.security.AccessController.doPrivileged(Native Method)
	at com.sun.javafx.application.PlatformImpl.lambda$runLater$11(PlatformImpl.java:427)
	at com.sun.glass.ui.InvokeLaterDispatcher$Future.run(InvokeLaterDispatcher.java:96)
	at com.sun.glass.ui.win.WinApplication._runLoop(Native Method)
	at com.sun.glass.ui.win.WinApplication.lambda$runLoop$3(WinApplication.java:174)
	at java.base/java.lang.Thread.run(Thread.java:834)
</error>
  </testcase>
  <testcase classname="chs.teamplay.common.CapitalHTMLEditorTest" name="testInsertJPGImageIntoEditor" time="0.583" />
  <testcase classname="chs.teamplay.common.CapitalHTMLEditorTest" name="testInsertInternalLinksHotKey" time="0.1" />
  <testcase classname="chs.teamplay.common.CapitalHTMLEditorTest" name="testIncompatibleFileInsertion" time="0.587" />
  <testcase classname="chs.teamplay.common.CapitalHTMLEditorTest" name="testInsertlinkAction" time="0.093" />
  <testcase classname="chs.teamplay.common.CapitalHTMLEditorTest" name="testShowCanNotPasteError" time="0.378" />
  <testcase classname="chs.teamplay.common.CapitalHTMLEditorTest" name="testCustomButtonsWhenTeamPlayLicenseIsAvailable" time="0.083" />
  <testcase classname="chs.teamplay.common.CapitalHTMLEditorTest" name="testInsertImageHotKey" time="0.076" />
  <testcase classname="chs.teamplay.common.CapitalHTMLEditorTest" name="textRMBActiononHTMLEditor" time="0.055" />
  <system-out><![CDATA[Extended Private plugins loaded: 197
]]></system-out>
  <system-err><![CDATA[Exception in thread "JavaFX Application Thread" java.security.PrivilegedActionException: java.io.IOException: Thrown intentionally
	at java.base/java.security.AccessController.doPrivileged(Native Method)
	at com.sun.javafx.application.PlatformImpl.lambda$runLater$11(PlatformImpl.java:427)
	at com.sun.glass.ui.InvokeLaterDispatcher$Future.run(InvokeLaterDispatcher.java:96)
	at com.sun.glass.ui.win.WinApplication._runLoop(Native Method)
	at com.sun.glass.ui.win.WinApplication.lambda$runLoop$3(WinApplication.java:174)
	at java.base/java.lang.Thread.run(Thread.java:834)
Caused by: java.io.IOException: Thrown intentionally
	at mockit.internal.expectations.invocation.InvocationResult$ThrowableResult.produceResult(InvocationResult.java:41)
	at mockit.internal.expectations.invocation.InvocationResult.produceResult(InvocationResult.java:22)
	at mockit.internal.expectations.invocation.InvocationResults.produceResult(InvocationResults.java:124)
	at mockit.internal.expectations.Expectation.produceResult(Expectation.java:48)
	at mockit.internal.expectations.ReplayPhase.produceResult(ReplayPhase.java:107)
	at mockit.internal.expectations.ReplayPhase.handleInvocation(ReplayPhase.java:52)
	at mockit.internal.expectations.RecordAndReplayExecution.recordOrReplay(RecordAndReplayExecution.java:162)
	at mockit.internal.expectations.mocking.MockedBridge.invoke(MockedBridge.java:61)
	at java.desktop/java.awt.Desktop.getDesktop(Unknown Source)
	at chs.teamplay.common.TeamPlayExternalLinkLoader.OpenExternalHyperlinkInWebBrowser(TeamPlayExternalLinkLoader.java:17)
	at chs.teamplay.common.CapitalHTMLEditor.openExternalHyperlinkInWebBrowser(CapitalHTMLEditor.java:541)
	at chs.teamplay.common.CapitalHTMLEditor$2.call(CapitalHTMLEditor.java:513)
	at chs.teamplay.common.CapitalHTMLEditor$2.call(CapitalHTMLEditor.java:507)
	at chs.teamplay.common.CapitalHTMLEditorTest.lambda$testInvalidExternalHyperlinkInHTMLEditor2$11(CapitalHTMLEditorTest.java:288)
	at com.sun.javafx.application.PlatformImpl.lambda$runAndWait$12(PlatformImpl.java:455)
	at com.sun.javafx.application.PlatformImpl.lambda$runLater$10(PlatformImpl.java:428)
	... 6 more
]]></system-err>
</testsuite>
