<?xml version="1.0" encoding="UTF-8" ?>
<testsuite errors="0" failures="1" hostname="grd-ies-cs7-01" name="chs.caplets.topo.actions.place.PlaceAllActionTest" skipped="0" tests="25" time="59.266" timestamp="2021-06-22T18:11:07">
  <properties>
[...]
</properties>
  <testcase classname="chs.caplets.topo.actions.place.PlaceAllActionTest" name="IESCD992_secondPlacement" time="25.661" />
  <testcase classname="chs.caplets.topo.actions.place.PlaceAllActionTest" name="IESCD992_updateMappings" time="5.353" />
  <testcase classname="chs.caplets.topo.actions.place.PlaceAllActionTest" name="PDV-17431_AutoPlace" time="1.303" />
  <testcase classname="chs.caplets.topo.actions.place.PlaceAllActionTest" name="PDV-17431_AutoPlaceSharedDevice" time="1.169" />
  <testcase classname="chs.caplets.topo.actions.place.PlaceAllActionTest" name="PDV16060_HC_ConnectorSharing" time="2.352" />
  <testcase classname="chs.caplets.topo.actions.place.PlaceAllActionTest" name="PDV17620_PlaceDeviceWithOptionExpression" time="1.265" />
  <testcase classname="chs.caplets.topo.actions.place.PlaceAllActionTest" name="PDVC-2493_DevicePlaceWithSpecialization" time="1.117" />
  <testcase classname="chs.caplets.topo.actions.place.PlaceAllActionTest" name="PDVC-2493_DevicePlaceWithSpecialization2" time="1.169" />
  <testcase classname="chs.caplets.topo.actions.place.PlaceAllActionTest" name="PDVC-2493_DevicePlaceWithSpecializationAndLibraryParts" time="0.794" />
  <testcase classname="chs.caplets.topo.actions.place.PlaceAllActionTest" name="PDVC-2714_CompatibleConnectorMating" time="1.973" />
  <testcase classname="chs.caplets.topo.actions.place.PlaceAllActionTest" name="PDVC-2714_IncompatibleConnectorMating" time="1.504" />
  <testcase classname="chs.caplets.topo.actions.place.PlaceAllActionTest" name="PDVC1825_Holes" time="1.659" />
  <testcase classname="chs.caplets.topo.actions.place.PlaceAllActionTest" name="dts0100602623_SharedPinWithPinGroup" time="0.843" />
  <testcase classname="chs.caplets.topo.actions.place.PlaceAllActionTest" name="dts0100643832_PlaceDeviceWithFootprint" time="2.165">
    <failure message="Rendered image differs from the reference copy - &#xa;    Diffs: &apos;/ies/iesd_data12_nb/qualitygates/iesd-21.1/2021.1_ADP1_DEV_installer_porting/code/iesd/chs_home/bld/testdata/temp/chs/caplets/topo/actions/place/PlaceAllActionTest/reference/DIFF-dts0100643832_Plane1.png&apos;&#xa;    Rendered: &apos;/ies/iesd_data12_nb/qualitygates/iesd-21.1/2021.1_ADP1_DEV_installer_porting/code/iesd/chs_home/bld/testdata/temp/chs/caplets/topo/actions/place/PlaceAllActionTest/reference/RENDERED-dts0100643832_Plane1.png&apos;&#xa;    Golden: &apos;/ies/iesd_data12_nb/qualitygates/iesd-21.1/2021.1_ADP1_DEV_installer_porting/code/iesd/ctopology_src/tests/testdata/chs/caplets/topo/actions/place/PlaceAllActionTest/reference/dts0100643832_Plane1.png&apos;" type="junit.framework.AssertionFailedError">junit.framework.AssertionFailedError: Rendered image differs from the reference copy - 
    Diffs: &apos;/ies/iesd_data12_nb/qualitygates/iesd-21.1/2021.1_ADP1_DEV_installer_porting/code/iesd/chs_home/bld/testdata/temp/chs/caplets/topo/actions/place/PlaceAllActionTest/reference/DIFF-dts0100643832_Plane1.png&apos;
    Rendered: &apos;/ies/iesd_data12_nb/qualitygates/iesd-21.1/2021.1_ADP1_DEV_installer_porting/code/iesd/chs_home/bld/testdata/temp/chs/caplets/topo/actions/place/PlaceAllActionTest/reference/RENDERED-dts0100643832_Plane1.png&apos;
    Golden: &apos;/ies/iesd_data12_nb/qualitygates/iesd-21.1/2021.1_ADP1_DEV_installer_porting/code/iesd/ctopology_src/tests/testdata/chs/caplets/topo/actions/place/PlaceAllActionTest/reference/dts0100643832_Plane1.png&apos;
	at chs.CAFTestCase.recordFailure(CAFTestCase.java:1655)
	at chs.CAFTestCase.compareAndCheckImage(CAFTestCase.java:1750)
	at chs.CAFTestCase.runTest(CAFTestCase.java:1707)
	at chs.CAFTestCase.runTestRender(CAFTestCase.java:1669)
	at chs.CAFTestCase.runTestRender(CAFTestCase.java:1661)
	at chs.caplets.topo.actions.place.PlaceAllActionTest.postdts0100643832_PlaceDeviceWithFootprint(PlaceAllActionTest.java:151)
	at java.base/jdk.internal.reflect.NativeMethodAccessorImpl.invoke0(Native Method)
	at java.base/jdk.internal.reflect.NativeMethodAccessorImpl.invoke(NativeMethodAccessorImpl.java:62)
	at java.base/jdk.internal.reflect.DelegatingMethodAccessorImpl.invoke(DelegatingMethodAccessorImpl.java:43)
	at chs.TopoCompareTestCase.runCHSTest(TopoCompareTestCase.java:165)
	at chs.ValidateableTestCase.runTest(Unknown Source)
</failure>
  </testcase>
  <testcase classname="chs.caplets.topo.actions.place.PlaceAllActionTest" name="dts0100906901_NetAndShieldConnectedToPinOnSharedDevice" time="1.003" />
  <testcase classname="chs.caplets.topo.actions.place.PlaceAllActionTest" name="dts0100921780_PinMatching" time="1.915" />
  <testcase classname="chs.caplets.topo.actions.place.PlaceAllActionTest" name="dts0100938119_PlacementToVCWithPart" time="1.283" />
  <testcase classname="chs.caplets.topo.actions.place.PlaceAllActionTest" name="dts0100956201_PlacementRouter" time="0.969" />
  <testcase classname="chs.caplets.topo.actions.place.PlaceAllActionTest" name="dts0101005421_CustomConstraint" time="0.609" />
  <testcase classname="chs.caplets.topo.actions.place.PlaceAllActionTest" name="dts0101006363_RegexpSuppressed" time="1.177" />
  <testcase classname="chs.caplets.topo.actions.place.PlaceAllActionTest" name="dts0101089884_spuriousPartRemoval" time="0.851" />
  <testcase classname="chs.caplets.topo.actions.place.PlaceAllActionTest" name="dts0101201563_PlacementWithNonFinalisedVehicleModel" time="0.676" />
  <testcase classname="chs.caplets.topo.actions.place.PlaceAllActionTest" name="dts0101334729_HC_FootprintConstraint" time="0.956" />
  <testcase classname="chs.caplets.topo.actions.place.PlaceAllActionTest" name="dts0101334729_RingTerminal" time="0.872" />
  <testcase classname="chs.caplets.topo.actions.place.PlaceAllActionTest" name="dts0101364902_SpuriousNormalization" time="0.526" />
  <system-out><![CDATA[Using /ies/iesd_data12_nb/qualitygates/iesd-21.1/2021.1_ADP1_DEV_installer_porting/code/iesd/ctopology_src/tests/testdata/chs/caplets/topo/actions/place/PlaceAllActionTest/
====== Plugins will NOT be loaded ========
  If the test expects plugins then override CAFTestCase.disablePlugins
==========================================
//
//  V2021.1.1 [Build 608] (BETA) - 22 June 2021 (15:14 IST)
// [Commit: bbb1b5e82e6d03dbe863f004f847a91545a34b33]
// Copyright Mentor Graphics Corporation 2001-2021.
//   All Rights Reserved.
//
// This software is in pre-production form and is considered to be Beta Code that is subject to the terms of the current Mentor Graphics End-User License Agreement or your signed agreement with Mentor Graphics that contains beta terms, whichever applies
//
//  **** DEVELOPER BUILD - INTERNAL USE ONLY, NOT FOR DISTRIBUTION
//  **** Java Assertions enabled
//  Allocated Maximum Heap Size = 1024Mb
//  Application start time 2021-06-22 06:10:59 PM Coordinated Universal Time, using date format yyyy-MM-dd
//  Using JRE version 11.0.4-ojdkbuild at /ies/iesd_data11/iesdgridhome/tools/appsroot/aol/java/jdk-11.0.4
//
Loading adaptor declarations from: /ies/iesd_data12_nb/qualitygates/iesd-21.1/2021.1_ADP1_DEV_installer_porting/code/iesd/chs_home/adaptors/adaptors.xml
APP: Object Model Validation Level: HIGH 
APP: Capital Integrator initialized.
APP: This software is in pre-production form and is considered to be Beta Code that is subject to the terms of the current Mentor Graphics End-User License Agreement or your signed agreement with Mentor Graphics that contains beta terms, whichever applies
TestExecutionOrder=1,Test=PlaceAllActionTest,TestCaseName=IESCD992_secondPlacement
Using /ies/iesd_data12_nb/qualitygates/iesd-21.1/2021.1_ADP1_DEV_installer_porting/code/iesd/ctopology_src/tests/testdata/chs/caplets/topo/actions/place/PlaceAllActionTest/IESCD992_secondPlacement.xml
Validation of active object caches is enabled
Using /ies/iesd_data12_nb/qualitygates/iesd-21.1/2021.1_ADP1_DEV_installer_porting/code/iesd/ctopology_src/tests/testdata/chs/caplets/topo/actions/place/PlaceAllActionTest/reference/IESCD992_secondPlacement.xml
Using /ies/iesd_data12_nb/qualitygates/iesd-21.1/2021.1_ADP1_DEV_installer_porting/code/iesd/ctopology_src/tests/testdata/chs/caplets/topo/actions/place/PlaceAllActionTest/reference/IESCD992_secondPlacement.xml
Using /ies/iesd_data12_nb/qualitygates/iesd-21.1/2021.1_ADP1_DEV_installer_porting/code/iesd/ctopology_src/tests/testdata/chs/caplets/topo/actions/place/PlaceAllActionTest/reference/IESCD992_secondPlacement.xml
Using /ies/iesd_data12_nb/qualitygates/iesd-21.1/2021.1_ADP1_DEV_installer_porting/code/iesd/ctopology_src/tests/testdata/chs/caplets/topo/actions/place/PlaceAllActionTest/reference/IESCD992_secondPlacement.xml
TestExecutionOrder=2,Test=PlaceAllActionTest,TestCaseName=IESCD992_updateMappings
Using /ies/iesd_data12_nb/qualitygates/iesd-21.1/2021.1_ADP1_DEV_installer_porting/code/iesd/ctopology_src/tests/testdata/chs/caplets/topo/actions/place/PlaceAllActionTest/IESCD992_updateMappings.xml
Using /ies/iesd_data12_nb/qualitygates/iesd-21.1/2021.1_ADP1_DEV_installer_porting/code/iesd/ctopology_src/tests/testdata/chs/caplets/topo/actions/place/PlaceAllActionTest/reference/IESCD992_updateMappings.xml
Using /ies/iesd_data12_nb/qualitygates/iesd-21.1/2021.1_ADP1_DEV_installer_porting/code/iesd/ctopology_src/tests/testdata/chs/caplets/topo/actions/place/PlaceAllActionTest/reference/IESCD992_updateMappings.xml
Using /ies/iesd_data12_nb/qualitygates/iesd-21.1/2021.1_ADP1_DEV_installer_porting/code/iesd/ctopology_src/tests/testdata/chs/caplets/topo/actions/place/PlaceAllActionTest/reference/IESCD992_updateMappings.xml
Using /ies/iesd_data12_nb/qualitygates/iesd-21.1/2021.1_ADP1_DEV_installer_porting/code/iesd/ctopology_src/tests/testdata/chs/caplets/topo/actions/place/PlaceAllActionTest/reference/IESCD992_updateMappings.xml
TestExecutionOrder=3,Test=PlaceAllActionTest,TestCaseName=PDV-17431_AutoPlace
Using /ies/iesd_data12_nb/qualitygates/iesd-21.1/2021.1_ADP1_DEV_installer_porting/code/iesd/ctopology_src/tests/testdata/chs/caplets/topo/actions/place/PlaceAllActionTest/PDV-17431_AutoPlace.xml
Using /ies/iesd_data12_nb/qualitygates/iesd-21.1/2021.1_ADP1_DEV_installer_porting/code/iesd/ctopology_src/tests/testdata/chs/caplets/topo/actions/place/PlaceAllActionTest/reference/PDV-17431_AutoPlace.xml
Using /ies/iesd_data12_nb/qualitygates/iesd-21.1/2021.1_ADP1_DEV_installer_porting/code/iesd/ctopology_src/tests/testdata/chs/caplets/topo/actions/place/PlaceAllActionTest/reference/PDV-17431_AutoPlace.xml
Using /ies/iesd_data12_nb/qualitygates/iesd-21.1/2021.1_ADP1_DEV_installer_porting/code/iesd/ctopology_src/tests/testdata/chs/caplets/topo/actions/place/PlaceAllActionTest/reference/PDV-17431_AutoPlace.xml
Using /ies/iesd_data12_nb/qualitygates/iesd-21.1/2021.1_ADP1_DEV_installer_porting/code/iesd/ctopology_src/tests/testdata/chs/caplets/topo/actions/place/PlaceAllActionTest/reference/PDV-17431_AutoPlace.xml
TestExecutionOrder=4,Test=PlaceAllActionTest,TestCaseName=PDV-17431_AutoPlaceSharedDevice
Using /ies/iesd_data12_nb/qualitygates/iesd-21.1/2021.1_ADP1_DEV_installer_porting/code/iesd/ctopology_src/tests/testdata/chs/caplets/topo/actions/place/PlaceAllActionTest/PDV-17431_AutoPlaceSharedDevice.xml
Using /ies/iesd_data12_nb/qualitygates/iesd-21.1/2021.1_ADP1_DEV_installer_porting/code/iesd/ctopology_src/tests/testdata/chs/caplets/topo/actions/place/PlaceAllActionTest/reference/PDV-17431_AutoPlaceSharedDevice.xml
Using /ies/iesd_data12_nb/qualitygates/iesd-21.1/2021.1_ADP1_DEV_installer_porting/code/iesd/ctopology_src/tests/testdata/chs/caplets/topo/actions/place/PlaceAllActionTest/reference/PDV-17431_AutoPlaceSharedDevice.xml
Using /ies/iesd_data12_nb/qualitygates/iesd-21.1/2021.1_ADP1_DEV_installer_porting/code/iesd/ctopology_src/tests/testdata/chs/caplets/topo/actions/place/PlaceAllActionTest/reference/PDV-17431_AutoPlaceSharedDevice.xml
Using /ies/iesd_data12_nb/qualitygates/iesd-21.1/2021.1_ADP1_DEV_installer_porting/code/iesd/ctopology_src/tests/testdata/chs/caplets/topo/actions/place/PlaceAllActionTest/reference/PDV-17431_AutoPlaceSharedDevice.xml
TestExecutionOrder=5,Test=PlaceAllActionTest,TestCaseName=PDV16060_HC_ConnectorSharing
Using /ies/iesd_data12_nb/qualitygates/iesd-21.1/2021.1_ADP1_DEV_installer_porting/code/iesd/ctopology_src/tests/testdata/chs/caplets/topo/actions/place/PlaceAllActionTest/PDV16060_HC_ConnectorSharing.xml
Using /ies/iesd_data12_nb/qualitygates/iesd-21.1/2021.1_ADP1_DEV_installer_porting/code/iesd/ctopology_src/tests/testdata/chs/caplets/topo/actions/place/PlaceAllActionTest/PDV16060_HC_ConnectorSharing.parts
Using /ies/iesd_data12_nb/qualitygates/iesd-21.1/2021.1_ADP1_DEV_installer_porting/code/iesd/ctopology_src/tests/testdata/chs/caplets/topo/actions/place/PlaceAllActionTest/reference/PDV16060_HC_ConnectorSharing.xml
Using /ies/iesd_data12_nb/qualitygates/iesd-21.1/2021.1_ADP1_DEV_installer_porting/code/iesd/ctopology_src/tests/testdata/chs/caplets/topo/actions/place/PlaceAllActionTest/reference/PDV16060_HC_ConnectorSharing.xml
Using /ies/iesd_data12_nb/qualitygates/iesd-21.1/2021.1_ADP1_DEV_installer_porting/code/iesd/ctopology_src/tests/testdata/chs/caplets/topo/actions/place/PlaceAllActionTest/reference/PDV16060_HC_ConnectorSharing.xml
Using /ies/iesd_data12_nb/qualitygates/iesd-21.1/2021.1_ADP1_DEV_installer_porting/code/iesd/ctopology_src/tests/testdata/chs/caplets/topo/actions/place/PlaceAllActionTest/reference/PDV16060_HC_ConnectorSharing.xml
TestExecutionOrder=6,Test=PlaceAllActionTest,TestCaseName=PDV17620_PlaceDeviceWithOptionExpression
Using /ies/iesd_data12_nb/qualitygates/iesd-21.1/2021.1_ADP1_DEV_installer_porting/code/iesd/ctopology_src/tests/testdata/chs/caplets/topo/actions/place/PlaceAllActionTest/PDV17620_PlaceDeviceWithOptionExpression.xml
Using /ies/iesd_data12_nb/qualitygates/iesd-21.1/2021.1_ADP1_DEV_installer_porting/code/iesd/ctopology_src/tests/testdata/chs/caplets/topo/actions/place/PlaceAllActionTest/reference/PDV17620_PlaceDeviceWithOptionExpression.msgs
Using /ies/iesd_data12_nb/qualitygates/iesd-21.1/2021.1_ADP1_DEV_installer_porting/code/iesd/ctopology_src/tests/testdata/chs/caplets/topo/actions/place/PlaceAllActionTest/reference/PDV17620_PlaceDeviceWithOptionExpression.xml
Using /ies/iesd_data12_nb/qualitygates/iesd-21.1/2021.1_ADP1_DEV_installer_porting/code/iesd/ctopology_src/tests/testdata/chs/caplets/topo/actions/place/PlaceAllActionTest/reference/PDV17620_PlaceDeviceWithOptionExpression.xml
Using /ies/iesd_data12_nb/qualitygates/iesd-21.1/2021.1_ADP1_DEV_installer_porting/code/iesd/ctopology_src/tests/testdata/chs/caplets/topo/actions/place/PlaceAllActionTest/reference/PDV17620_PlaceDeviceWithOptionExpression.xml
Using /ies/iesd_data12_nb/qualitygates/iesd-21.1/2021.1_ADP1_DEV_installer_porting/code/iesd/ctopology_src/tests/testdata/chs/caplets/topo/actions/place/PlaceAllActionTest/reference/PDV17620_PlaceDeviceWithOptionExpression.xml
TestExecutionOrder=7,Test=PlaceAllActionTest,TestCaseName=PDVC-2493_DevicePlaceWithSpecialization
Using /ies/iesd_data12_nb/qualitygates/iesd-21.1/2021.1_ADP1_DEV_installer_porting/code/iesd/ctopology_src/tests/testdata/chs/caplets/topo/actions/place/PlaceAllActionTest/PDVC-2493_DevicePlaceWithSpecialization.xml
Using /ies/iesd_data12_nb/qualitygates/iesd-21.1/2021.1_ADP1_DEV_installer_porting/code/iesd/ctopology_src/tests/testdata/chs/caplets/topo/actions/place/PlaceAllActionTest/reference/PDVC-2493_DevicePlaceWithSpecialization.xml
Using /ies/iesd_data12_nb/qualitygates/iesd-21.1/2021.1_ADP1_DEV_installer_porting/code/iesd/ctopology_src/tests/testdata/chs/caplets/topo/actions/place/PlaceAllActionTest/reference/PDVC-2493_DevicePlaceWithSpecialization.xml
Using /ies/iesd_data12_nb/qualitygates/iesd-21.1/2021.1_ADP1_DEV_installer_porting/code/iesd/ctopology_src/tests/testdata/chs/caplets/topo/actions/place/PlaceAllActionTest/reference/PDVC-2493_DevicePlaceWithSpecialization.xml
Using /ies/iesd_data12_nb/qualitygates/iesd-21.1/2021.1_ADP1_DEV_installer_porting/code/iesd/ctopology_src/tests/testdata/chs/caplets/topo/actions/place/PlaceAllActionTest/reference/PDVC-2493_DevicePlaceWithSpecialization.xml
TestExecutionOrder=8,Test=PlaceAllActionTest,TestCaseName=PDVC-2493_DevicePlaceWithSpecialization2
Using /ies/iesd_data12_nb/qualitygates/iesd-21.1/2021.1_ADP1_DEV_installer_porting/code/iesd/ctopology_src/tests/testdata/chs/caplets/topo/actions/place/PlaceAllActionTest/PDVC-2493_DevicePlaceWithSpecialization2.xml
Using /ies/iesd_data12_nb/qualitygates/iesd-21.1/2021.1_ADP1_DEV_installer_porting/code/iesd/ctopology_src/tests/testdata/chs/caplets/topo/actions/place/PlaceAllActionTest/reference/PDVC-2493_DevicePlaceWithSpecialization2.xml
Using /ies/iesd_data12_nb/qualitygates/iesd-21.1/2021.1_ADP1_DEV_installer_porting/code/iesd/ctopology_src/tests/testdata/chs/caplets/topo/actions/place/PlaceAllActionTest/reference/PDVC-2493_DevicePlaceWithSpecialization2.xml
Using /ies/iesd_data12_nb/qualitygates/iesd-21.1/2021.1_ADP1_DEV_installer_porting/code/iesd/ctopology_src/tests/testdata/chs/caplets/topo/actions/place/PlaceAllActionTest/reference/PDVC-2493_DevicePlaceWithSpecialization2.xml
Using /ies/iesd_data12_nb/qualitygates/iesd-21.1/2021.1_ADP1_DEV_installer_porting/code/iesd/ctopology_src/tests/testdata/chs/caplets/topo/actions/place/PlaceAllActionTest/reference/PDVC-2493_DevicePlaceWithSpecialization2.xml
TestExecutionOrder=9,Test=PlaceAllActionTest,TestCaseName=PDVC-2493_DevicePlaceWithSpecializationAndLibraryParts
Using /ies/iesd_data12_nb/qualitygates/iesd-21.1/2021.1_ADP1_DEV_installer_porting/code/iesd/ctopology_src/tests/testdata/chs/caplets/topo/actions/place/PlaceAllActionTest/PDVC-2493_DevicePlaceWithSpecializationAndLibraryParts.xml
Using /ies/iesd_data12_nb/qualitygates/iesd-21.1/2021.1_ADP1_DEV_installer_porting/code/iesd/ctopology_src/tests/testdata/chs/caplets/topo/actions/place/PlaceAllActionTest/reference/PDVC-2493_DevicePlaceWithSpecializationAndLibraryParts.xml
Using /ies/iesd_data12_nb/qualitygates/iesd-21.1/2021.1_ADP1_DEV_installer_porting/code/iesd/ctopology_src/tests/testdata/chs/caplets/topo/actions/place/PlaceAllActionTest/reference/PDVC-2493_DevicePlaceWithSpecializationAndLibraryParts.xml
Using /ies/iesd_data12_nb/qualitygates/iesd-21.1/2021.1_ADP1_DEV_installer_porting/code/iesd/ctopology_src/tests/testdata/chs/caplets/topo/actions/place/PlaceAllActionTest/reference/PDVC-2493_DevicePlaceWithSpecializationAndLibraryParts.xml
Using /ies/iesd_data12_nb/qualitygates/iesd-21.1/2021.1_ADP1_DEV_installer_porting/code/iesd/ctopology_src/tests/testdata/chs/caplets/topo/actions/place/PlaceAllActionTest/reference/PDVC-2493_DevicePlaceWithSpecializationAndLibraryParts.xml
TestExecutionOrder=10,Test=PlaceAllActionTest,TestCaseName=PDVC-2714_CompatibleConnectorMating
Using /ies/iesd_data12_nb/qualitygates/iesd-21.1/2021.1_ADP1_DEV_installer_porting/code/iesd/ctopology_src/tests/testdata/chs/caplets/topo/actions/place/PlaceAllActionTest/PDVC-2714_CompatibleConnectorMating.xml
Using /ies/iesd_data12_nb/qualitygates/iesd-21.1/2021.1_ADP1_DEV_installer_porting/code/iesd/ctopology_src/tests/testdata/chs/caplets/topo/actions/place/PlaceAllActionTest/PDVC-2714_CompatibleConnectorMating.parts
Using /ies/iesd_data12_nb/qualitygates/iesd-21.1/2021.1_ADP1_DEV_installer_porting/code/iesd/ctopology_src/tests/testdata/chs/caplets/topo/actions/place/PlaceAllActionTest/reference/PDVC-2714_CompatibleConnectorMating.xml
Using /ies/iesd_data12_nb/qualitygates/iesd-21.1/2021.1_ADP1_DEV_installer_porting/code/iesd/ctopology_src/tests/testdata/chs/caplets/topo/actions/place/PlaceAllActionTest/reference/PDVC-2714_CompatibleConnectorMating.xml
Using /ies/iesd_data12_nb/qualitygates/iesd-21.1/2021.1_ADP1_DEV_installer_porting/code/iesd/ctopology_src/tests/testdata/chs/caplets/topo/actions/place/PlaceAllActionTest/reference/PDVC-2714_CompatibleConnectorMating.xml
Using /ies/iesd_data12_nb/qualitygates/iesd-21.1/2021.1_ADP1_DEV_installer_porting/code/iesd/ctopology_src/tests/testdata/chs/caplets/topo/actions/place/PlaceAllActionTest/reference/PDVC-2714_CompatibleConnectorMating.xml
TestExecutionOrder=11,Test=PlaceAllActionTest,TestCaseName=PDVC-2714_IncompatibleConnectorMating
Using /ies/iesd_data12_nb/qualitygates/iesd-21.1/2021.1_ADP1_DEV_installer_porting/code/iesd/ctopology_src/tests/testdata/chs/caplets/topo/actions/place/PlaceAllActionTest/PDVC-2714_IncompatibleConnectorMating.xml
Using /ies/iesd_data12_nb/qualitygates/iesd-21.1/2021.1_ADP1_DEV_installer_porting/code/iesd/ctopology_src/tests/testdata/chs/caplets/topo/actions/place/PlaceAllActionTest/PDVC-2714_IncompatibleConnectorMating.parts
Using /ies/iesd_data12_nb/qualitygates/iesd-21.1/2021.1_ADP1_DEV_installer_porting/code/iesd/ctopology_src/tests/testdata/chs/caplets/topo/actions/place/PlaceAllActionTest/reference/PDVC-2714_IncompatibleConnectorMating.xml
Using /ies/iesd_data12_nb/qualitygates/iesd-21.1/2021.1_ADP1_DEV_installer_porting/code/iesd/ctopology_src/tests/testdata/chs/caplets/topo/actions/place/PlaceAllActionTest/reference/PDVC-2714_IncompatibleConnectorMating.xml
Using /ies/iesd_data12_nb/qualitygates/iesd-21.1/2021.1_ADP1_DEV_installer_porting/code/iesd/ctopology_src/tests/testdata/chs/caplets/topo/actions/place/PlaceAllActionTest/reference/PDVC-2714_IncompatibleConnectorMating.xml
Using /ies/iesd_data12_nb/qualitygates/iesd-21.1/2021.1_ADP1_DEV_installer_porting/code/iesd/ctopology_src/tests/testdata/chs/caplets/topo/actions/place/PlaceAllActionTest/reference/PDVC-2714_IncompatibleConnectorMating.xml
TestExecutionOrder=12,Test=PlaceAllActionTest,TestCaseName=PDVC1825_Holes
Using /ies/iesd_data12_nb/qualitygates/iesd-21.1/2021.1_ADP1_DEV_installer_porting/code/iesd/ctopology_src/tests/testdata/chs/caplets/topo/actions/place/PlaceAllActionTest/PDVC1825_Holes.xml
Using /ies/iesd_data12_nb/qualitygates/iesd-21.1/2021.1_ADP1_DEV_installer_porting/code/iesd/ctopology_src/tests/testdata/chs/caplets/topo/actions/place/PlaceAllActionTest/PDVC1825_Holes.parts
Using /ies/iesd_data12_nb/qualitygates/iesd-21.1/2021.1_ADP1_DEV_installer_porting/code/iesd/ctopology_src/tests/testdata/chs/caplets/topo/actions/place/PlaceAllActionTest/reference/PDVC1825_Holes.xml
Using /ies/iesd_data12_nb/qualitygates/iesd-21.1/2021.1_ADP1_DEV_installer_porting/code/iesd/ctopology_src/tests/testdata/chs/caplets/topo/actions/place/PlaceAllActionTest/reference/PDVC1825_Holes.xml
Using /ies/iesd_data12_nb/qualitygates/iesd-21.1/2021.1_ADP1_DEV_installer_porting/code/iesd/ctopology_src/tests/testdata/chs/caplets/topo/actions/place/PlaceAllActionTest/reference/PDVC1825_Holes.xml
Using /ies/iesd_data12_nb/qualitygates/iesd-21.1/2021.1_ADP1_DEV_installer_porting/code/iesd/ctopology_src/tests/testdata/chs/caplets/topo/actions/place/PlaceAllActionTest/reference/PDVC1825_Holes.xml
TestExecutionOrder=13,Test=PlaceAllActionTest,TestCaseName=dts0100602623_SharedPinWithPinGroup
Using /ies/iesd_data12_nb/qualitygates/iesd-21.1/2021.1_ADP1_DEV_installer_porting/code/iesd/ctopology_src/tests/testdata/chs/caplets/topo/actions/place/PlaceAllActionTest/dts0100602623_SharedPinWithPinGroup.xml
Data Validation: Junk name space found in project dts0100602623_SharedPinWithPinGroup, Topology design IntegratorDesign1, Revision 1
Data Validation: Deleted name space
Using /ies/iesd_data12_nb/qualitygates/iesd-21.1/2021.1_ADP1_DEV_installer_porting/code/iesd/ctopology_src/tests/testdata/chs/caplets/topo/actions/place/PlaceAllActionTest/reference/dts0100602623_SharedPinWithPinGroup.xml
Using /ies/iesd_data12_nb/qualitygates/iesd-21.1/2021.1_ADP1_DEV_installer_porting/code/iesd/ctopology_src/tests/testdata/chs/caplets/topo/actions/place/PlaceAllActionTest/reference/dts0100602623_SharedPinWithPinGroup.xml
Using /ies/iesd_data12_nb/qualitygates/iesd-21.1/2021.1_ADP1_DEV_installer_porting/code/iesd/ctopology_src/tests/testdata/chs/caplets/topo/actions/place/PlaceAllActionTest/reference/dts0100602623_SharedPinWithPinGroup.xml
Data Validation: Junk name space found in project dts0100602623_SharedPinWithPinGroup, Topology design IntegratorDesign1, Revision 1
Data Validation: Deleted name space
Using /ies/iesd_data12_nb/qualitygates/iesd-21.1/2021.1_ADP1_DEV_installer_porting/code/iesd/ctopology_src/tests/testdata/chs/caplets/topo/actions/place/PlaceAllActionTest/reference/dts0100602623_SharedPinWithPinGroup.xml
TestExecutionOrder=14,Test=PlaceAllActionTest,TestCaseName=dts0100643832_PlaceDeviceWithFootprint
Using /ies/iesd_data12_nb/qualitygates/iesd-21.1/2021.1_ADP1_DEV_installer_porting/code/iesd/ctopology_src/tests/testdata/chs/caplets/topo/actions/place/PlaceAllActionTest/dts0100643832_PlaceDeviceWithFootprint.xml
Using /ies/iesd_data12_nb/qualitygates/iesd-21.1/2021.1_ADP1_DEV_installer_porting/code/iesd/ctopology_src/tests/testdata/chs/caplets/topo/actions/place/PlaceAllActionTest/dts0100643832_PlaceDeviceWithFootprint.parts
Using /ies/iesd_data12_nb/qualitygates/iesd-21.1/2021.1_ADP1_DEV_installer_porting/code/iesd/ctopology_src/tests/testdata/chs/caplets/topo/actions/place/PlaceAllActionTest/reference/
TestExecutionOrder=15,Test=PlaceAllActionTest,TestCaseName=dts0100906901_NetAndShieldConnectedToPinOnSharedDevice
Using /ies/iesd_data12_nb/qualitygates/iesd-21.1/2021.1_ADP1_DEV_installer_porting/code/iesd/ctopology_src/tests/testdata/chs/caplets/topo/actions/place/PlaceAllActionTest/dts0100906901_NetAndShieldConnectedToPinOnSharedDevice.xml
Using /ies/iesd_data12_nb/qualitygates/iesd-21.1/2021.1_ADP1_DEV_installer_porting/code/iesd/ctopology_src/tests/testdata/chs/caplets/topo/actions/place/PlaceAllActionTest/reference/dts0100906901_NetAndShieldConnectedToPinOnSharedDevice.xml
Using /ies/iesd_data12_nb/qualitygates/iesd-21.1/2021.1_ADP1_DEV_installer_porting/code/iesd/ctopology_src/tests/testdata/chs/caplets/topo/actions/place/PlaceAllActionTest/reference/dts0100906901_NetAndShieldConnectedToPinOnSharedDevice.xml
Using /ies/iesd_data12_nb/qualitygates/iesd-21.1/2021.1_ADP1_DEV_installer_porting/code/iesd/ctopology_src/tests/testdata/chs/caplets/topo/actions/place/PlaceAllActionTest/reference/dts0100906901_NetAndShieldConnectedToPinOnSharedDevice.xml
Using /ies/iesd_data12_nb/qualitygates/iesd-21.1/2021.1_ADP1_DEV_installer_porting/code/iesd/ctopology_src/tests/testdata/chs/caplets/topo/actions/place/PlaceAllActionTest/reference/dts0100906901_NetAndShieldConnectedToPinOnSharedDevice.xml
TestExecutionOrder=16,Test=PlaceAllActionTest,TestCaseName=dts0100921780_PinMatching
Using /ies/iesd_data12_nb/qualitygates/iesd-21.1/2021.1_ADP1_DEV_installer_porting/code/iesd/ctopology_src/tests/testdata/chs/caplets/topo/actions/place/PlaceAllActionTest/dts0100921780_PinMatching.xml
Using /ies/iesd_data12_nb/qualitygates/iesd-21.1/2021.1_ADP1_DEV_installer_porting/code/iesd/ctopology_src/tests/testdata/chs/caplets/topo/actions/place/PlaceAllActionTest/dts0100921780_PinMatching.parts
Using /ies/iesd_data12_nb/qualitygates/iesd-21.1/2021.1_ADP1_DEV_installer_porting/code/iesd/ctopology_src/tests/testdata/chs/caplets/topo/actions/place/PlaceAllActionTest/reference/dts0100921780_PinMatching.xml
Using /ies/iesd_data12_nb/qualitygates/iesd-21.1/2021.1_ADP1_DEV_installer_porting/code/iesd/ctopology_src/tests/testdata/chs/caplets/topo/actions/place/PlaceAllActionTest/reference/dts0100921780_PinMatching.xml
Using /ies/iesd_data12_nb/qualitygates/iesd-21.1/2021.1_ADP1_DEV_installer_porting/code/iesd/ctopology_src/tests/testdata/chs/caplets/topo/actions/place/PlaceAllActionTest/reference/dts0100921780_PinMatching.xml
Using /ies/iesd_data12_nb/qualitygates/iesd-21.1/2021.1_ADP1_DEV_installer_porting/code/iesd/ctopology_src/tests/testdata/chs/caplets/topo/actions/place/PlaceAllActionTest/reference/dts0100921780_PinMatching.xml
TestExecutionOrder=17,Test=PlaceAllActionTest,TestCaseName=dts0100938119_PlacementToVCWithPart
Using /ies/iesd_data12_nb/qualitygates/iesd-21.1/2021.1_ADP1_DEV_installer_porting/code/iesd/ctopology_src/tests/testdata/chs/caplets/topo/actions/place/PlaceAllActionTest/dts0100938119_PlacementToVCWithPart.xml
Using /ies/iesd_data12_nb/qualitygates/iesd-21.1/2021.1_ADP1_DEV_installer_porting/code/iesd/ctopology_src/tests/testdata/chs/caplets/topo/actions/place/PlaceAllActionTest/dts0100938119_PlacementToVCWithPart.parts
Using /ies/iesd_data12_nb/qualitygates/iesd-21.1/2021.1_ADP1_DEV_installer_porting/code/iesd/ctopology_src/tests/testdata/chs/caplets/topo/actions/place/PlaceAllActionTest/reference/dts0100938119_PlacementToVCWithPart.xml
Using /ies/iesd_data12_nb/qualitygates/iesd-21.1/2021.1_ADP1_DEV_installer_porting/code/iesd/ctopology_src/tests/testdata/chs/caplets/topo/actions/place/PlaceAllActionTest/reference/dts0100938119_PlacementToVCWithPart.xml
Using /ies/iesd_data12_nb/qualitygates/iesd-21.1/2021.1_ADP1_DEV_installer_porting/code/iesd/ctopology_src/tests/testdata/chs/caplets/topo/actions/place/PlaceAllActionTest/reference/dts0100938119_PlacementToVCWithPart.xml
Using /ies/iesd_data12_nb/qualitygates/iesd-21.1/2021.1_ADP1_DEV_installer_porting/code/iesd/ctopology_src/tests/testdata/chs/caplets/topo/actions/place/PlaceAllActionTest/reference/dts0100938119_PlacementToVCWithPart.xml
TestExecutionOrder=18,Test=PlaceAllActionTest,TestCaseName=dts0100956201_PlacementRouter
Using /ies/iesd_data12_nb/qualitygates/iesd-21.1/2021.1_ADP1_DEV_installer_porting/code/iesd/ctopology_src/tests/testdata/chs/caplets/topo/actions/place/PlaceAllActionTest/dts0100956201_PlacementRouter.xml
Using /ies/iesd_data12_nb/qualitygates/iesd-21.1/2021.1_ADP1_DEV_installer_porting/code/iesd/ctopology_src/tests/testdata/chs/caplets/topo/actions/place/PlaceAllActionTest/reference/dts0100956201_PlacementRouter.xml
Using /ies/iesd_data12_nb/qualitygates/iesd-21.1/2021.1_ADP1_DEV_installer_porting/code/iesd/ctopology_src/tests/testdata/chs/caplets/topo/actions/place/PlaceAllActionTest/reference/dts0100956201_PlacementRouter.xml
Using /ies/iesd_data12_nb/qualitygates/iesd-21.1/2021.1_ADP1_DEV_installer_porting/code/iesd/ctopology_src/tests/testdata/chs/caplets/topo/actions/place/PlaceAllActionTest/reference/dts0100956201_PlacementRouter.xml
Using /ies/iesd_data12_nb/qualitygates/iesd-21.1/2021.1_ADP1_DEV_installer_porting/code/iesd/ctopology_src/tests/testdata/chs/caplets/topo/actions/place/PlaceAllActionTest/reference/dts0100956201_PlacementRouter.xml
TestExecutionOrder=19,Test=PlaceAllActionTest,TestCaseName=dts0101005421_CustomConstraint
Using /ies/iesd_data12_nb/qualitygates/iesd-21.1/2021.1_ADP1_DEV_installer_porting/code/iesd/ctopology_src/tests/testdata/chs/caplets/topo/actions/place/PlaceAllActionTest/dts0101005421_CustomConstraint.xml
Using /ies/iesd_data12_nb/qualitygates/iesd-21.1/2021.1_ADP1_DEV_installer_porting/code/iesd/ctopology_src/tests/testdata/chs/caplets/topo/actions/place/PlaceAllActionTest/reference/dts0101005421_CustomConstraint.msgs
Using /ies/iesd_data12_nb/qualitygates/iesd-21.1/2021.1_ADP1_DEV_installer_porting/code/iesd/ctopology_src/tests/testdata/chs/caplets/topo/actions/place/PlaceAllActionTest/reference/dts0101005421_CustomConstraint.xml
Using /ies/iesd_data12_nb/qualitygates/iesd-21.1/2021.1_ADP1_DEV_installer_porting/code/iesd/ctopology_src/tests/testdata/chs/caplets/topo/actions/place/PlaceAllActionTest/reference/dts0101005421_CustomConstraint.xml
Using /ies/iesd_data12_nb/qualitygates/iesd-21.1/2021.1_ADP1_DEV_installer_porting/code/iesd/ctopology_src/tests/testdata/chs/caplets/topo/actions/place/PlaceAllActionTest/reference/dts0101005421_CustomConstraint.xml
Using /ies/iesd_data12_nb/qualitygates/iesd-21.1/2021.1_ADP1_DEV_installer_porting/code/iesd/ctopology_src/tests/testdata/chs/caplets/topo/actions/place/PlaceAllActionTest/reference/dts0101005421_CustomConstraint.xml
TestExecutionOrder=20,Test=PlaceAllActionTest,TestCaseName=dts0101006363_RegexpSuppressed
Using /ies/iesd_data12_nb/qualitygates/iesd-21.1/2021.1_ADP1_DEV_installer_porting/code/iesd/ctopology_src/tests/testdata/chs/caplets/topo/actions/place/PlaceAllActionTest/dts0101006363_RegexpSuppressed.xml
Using /ies/iesd_data12_nb/qualitygates/iesd-21.1/2021.1_ADP1_DEV_installer_porting/code/iesd/ctopology_src/tests/testdata/chs/caplets/topo/actions/place/PlaceAllActionTest/reference/dts0101006363_RegexpSuppressed.xml
Using /ies/iesd_data12_nb/qualitygates/iesd-21.1/2021.1_ADP1_DEV_installer_porting/code/iesd/ctopology_src/tests/testdata/chs/caplets/topo/actions/place/PlaceAllActionTest/reference/dts0101006363_RegexpSuppressed.xml
Using /ies/iesd_data12_nb/qualitygates/iesd-21.1/2021.1_ADP1_DEV_installer_porting/code/iesd/ctopology_src/tests/testdata/chs/caplets/topo/actions/place/PlaceAllActionTest/reference/dts0101006363_RegexpSuppressed.xml
Using /ies/iesd_data12_nb/qualitygates/iesd-21.1/2021.1_ADP1_DEV_installer_porting/code/iesd/ctopology_src/tests/testdata/chs/caplets/topo/actions/place/PlaceAllActionTest/reference/dts0101006363_RegexpSuppressed.xml
TestExecutionOrder=21,Test=PlaceAllActionTest,TestCaseName=dts0101089884_spuriousPartRemoval
Using /ies/iesd_data12_nb/qualitygates/iesd-21.1/2021.1_ADP1_DEV_installer_porting/code/iesd/ctopology_src/tests/testdata/chs/caplets/topo/actions/place/PlaceAllActionTest/dts0101089884_spuriousPartRemoval.xml
Using /ies/iesd_data12_nb/qualitygates/iesd-21.1/2021.1_ADP1_DEV_installer_porting/code/iesd/ctopology_src/tests/testdata/chs/caplets/topo/actions/place/PlaceAllActionTest/dts0101089884_spuriousPartRemoval.parts
Using /ies/iesd_data12_nb/qualitygates/iesd-21.1/2021.1_ADP1_DEV_installer_porting/code/iesd/ctopology_src/tests/testdata/chs/caplets/topo/actions/place/PlaceAllActionTest/reference/dts0101089884_spuriousPartRemoval.xml
Using /ies/iesd_data12_nb/qualitygates/iesd-21.1/2021.1_ADP1_DEV_installer_porting/code/iesd/ctopology_src/tests/testdata/chs/caplets/topo/actions/place/PlaceAllActionTest/reference/dts0101089884_spuriousPartRemoval.xml
Using /ies/iesd_data12_nb/qualitygates/iesd-21.1/2021.1_ADP1_DEV_installer_porting/code/iesd/ctopology_src/tests/testdata/chs/caplets/topo/actions/place/PlaceAllActionTest/reference/dts0101089884_spuriousPartRemoval.xml
Using /ies/iesd_data12_nb/qualitygates/iesd-21.1/2021.1_ADP1_DEV_installer_porting/code/iesd/ctopology_src/tests/testdata/chs/caplets/topo/actions/place/PlaceAllActionTest/reference/dts0101089884_spuriousPartRemoval.xml
TestExecutionOrder=22,Test=PlaceAllActionTest,TestCaseName=dts0101201563_PlacementWithNonFinalisedVehicleModel
Using /ies/iesd_data12_nb/qualitygates/iesd-21.1/2021.1_ADP1_DEV_installer_porting/code/iesd/ctopology_src/tests/testdata/chs/caplets/topo/actions/place/PlaceAllActionTest/dts0101201563_PlacementWithNonFinalisedVehicleModel.xml
Using /ies/iesd_data12_nb/qualitygates/iesd-21.1/2021.1_ADP1_DEV_installer_porting/code/iesd/ctopology_src/tests/testdata/chs/caplets/topo/actions/place/PlaceAllActionTest/reference/dts0101201563_PlacementWithNonFinalisedVehicleModel.xml
Using /ies/iesd_data12_nb/qualitygates/iesd-21.1/2021.1_ADP1_DEV_installer_porting/code/iesd/ctopology_src/tests/testdata/chs/caplets/topo/actions/place/PlaceAllActionTest/reference/dts0101201563_PlacementWithNonFinalisedVehicleModel.xml
Using /ies/iesd_data12_nb/qualitygates/iesd-21.1/2021.1_ADP1_DEV_installer_porting/code/iesd/ctopology_src/tests/testdata/chs/caplets/topo/actions/place/PlaceAllActionTest/reference/dts0101201563_PlacementWithNonFinalisedVehicleModel.xml
Using /ies/iesd_data12_nb/qualitygates/iesd-21.1/2021.1_ADP1_DEV_installer_porting/code/iesd/ctopology_src/tests/testdata/chs/caplets/topo/actions/place/PlaceAllActionTest/reference/dts0101201563_PlacementWithNonFinalisedVehicleModel.xml
TestExecutionOrder=23,Test=PlaceAllActionTest,TestCaseName=dts0101334729_HC_FootprintConstraint
Using /ies/iesd_data12_nb/qualitygates/iesd-21.1/2021.1_ADP1_DEV_installer_porting/code/iesd/ctopology_src/tests/testdata/chs/caplets/topo/actions/place/PlaceAllActionTest/dts0101334729_HC_FootprintConstraint.xml
Using /ies/iesd_data12_nb/qualitygates/iesd-21.1/2021.1_ADP1_DEV_installer_porting/code/iesd/ctopology_src/tests/testdata/chs/caplets/topo/actions/place/PlaceAllActionTest/dts0101334729_HC_FootprintConstraint.parts
Using /ies/iesd_data12_nb/qualitygates/iesd-21.1/2021.1_ADP1_DEV_installer_porting/code/iesd/ctopology_src/tests/testdata/chs/caplets/topo/actions/place/PlaceAllActionTest/reference/dts0101334729_HC_FootprintConstraint.xml
Using /ies/iesd_data12_nb/qualitygates/iesd-21.1/2021.1_ADP1_DEV_installer_porting/code/iesd/ctopology_src/tests/testdata/chs/caplets/topo/actions/place/PlaceAllActionTest/reference/dts0101334729_HC_FootprintConstraint.xml
Using /ies/iesd_data12_nb/qualitygates/iesd-21.1/2021.1_ADP1_DEV_installer_porting/code/iesd/ctopology_src/tests/testdata/chs/caplets/topo/actions/place/PlaceAllActionTest/reference/dts0101334729_HC_FootprintConstraint.xml
Using /ies/iesd_data12_nb/qualitygates/iesd-21.1/2021.1_ADP1_DEV_installer_porting/code/iesd/ctopology_src/tests/testdata/chs/caplets/topo/actions/place/PlaceAllActionTest/reference/dts0101334729_HC_FootprintConstraint.xml
TestExecutionOrder=24,Test=PlaceAllActionTest,TestCaseName=dts0101334729_RingTerminal
Using /ies/iesd_data12_nb/qualitygates/iesd-21.1/2021.1_ADP1_DEV_installer_porting/code/iesd/ctopology_src/tests/testdata/chs/caplets/topo/actions/place/PlaceAllActionTest/dts0101334729_RingTerminal.xml
Using /ies/iesd_data12_nb/qualitygates/iesd-21.1/2021.1_ADP1_DEV_installer_porting/code/iesd/ctopology_src/tests/testdata/chs/caplets/topo/actions/place/PlaceAllActionTest/dts0101334729_RingTerminal.parts
Using /ies/iesd_data12_nb/qualitygates/iesd-21.1/2021.1_ADP1_DEV_installer_porting/code/iesd/ctopology_src/tests/testdata/chs/caplets/topo/actions/place/PlaceAllActionTest/reference/dts0101334729_RingTerminal.xml
Using /ies/iesd_data12_nb/qualitygates/iesd-21.1/2021.1_ADP1_DEV_installer_porting/code/iesd/ctopology_src/tests/testdata/chs/caplets/topo/actions/place/PlaceAllActionTest/reference/dts0101334729_RingTerminal.xml
Using /ies/iesd_data12_nb/qualitygates/iesd-21.1/2021.1_ADP1_DEV_installer_porting/code/iesd/ctopology_src/tests/testdata/chs/caplets/topo/actions/place/PlaceAllActionTest/reference/dts0101334729_RingTerminal.xml
Using /ies/iesd_data12_nb/qualitygates/iesd-21.1/2021.1_ADP1_DEV_installer_porting/code/iesd/ctopology_src/tests/testdata/chs/caplets/topo/actions/place/PlaceAllActionTest/reference/dts0101334729_RingTerminal.xml
TestExecutionOrder=25,Test=PlaceAllActionTest,TestCaseName=dts0101364902_SpuriousNormalization
Using /ies/iesd_data12_nb/qualitygates/iesd-21.1/2021.1_ADP1_DEV_installer_porting/code/iesd/ctopology_src/tests/testdata/chs/caplets/topo/actions/place/PlaceAllActionTest/dts0101364902_SpuriousNormalization.xml
Using /ies/iesd_data12_nb/qualitygates/iesd-21.1/2021.1_ADP1_DEV_installer_porting/code/iesd/ctopology_src/tests/testdata/chs/caplets/topo/actions/place/PlaceAllActionTest/reference/dts0101364902_SpuriousNormalization.xml
Using /ies/iesd_data12_nb/qualitygates/iesd-21.1/2021.1_ADP1_DEV_installer_porting/code/iesd/ctopology_src/tests/testdata/chs/caplets/topo/actions/place/PlaceAllActionTest/reference/dts0101364902_SpuriousNormalization.xml
Using /ies/iesd_data12_nb/qualitygates/iesd-21.1/2021.1_ADP1_DEV_installer_porting/code/iesd/ctopology_src/tests/testdata/chs/caplets/topo/actions/place/PlaceAllActionTest/reference/dts0101364902_SpuriousNormalization.xml
Using /ies/iesd_data12_nb/qualitygates/iesd-21.1/2021.1_ADP1_DEV_installer_porting/code/iesd/ctopology_src/tests/testdata/chs/caplets/topo/actions/place/PlaceAllActionTest/reference/dts0101364902_SpuriousNormalization.xml
]]></system-out>
  <system-err><![CDATA[Diffs Found = 380, freebies = 0
]]></system-err>
</testsuite>
