<?xml version="1.0" encoding="UTF-8" ?>
<testsuite errors="0" failures="0" hostname="ies-iesdwx-n306" name="chs.caplets.topo.actions.place.PlaceAllActionTest" skipped="0" tests="25" time="95.597" timestamp="2021-06-22T18:34:41">
  <properties>
[...]
</properties>
  <testcase classname="chs.caplets.topo.actions.place.PlaceAllActionTest" name="IESCD992_secondPlacement" time="32.336" />
  <testcase classname="chs.caplets.topo.actions.place.PlaceAllActionTest" name="IESCD992_updateMappings" time="8.151" />
  <testcase classname="chs.caplets.topo.actions.place.PlaceAllActionTest" name="PDV-17431_AutoPlace" time="2.074" />
  <testcase classname="chs.caplets.topo.actions.place.PlaceAllActionTest" name="PDV-17431_AutoPlaceSharedDevice" time="2.142" />
  <testcase classname="chs.caplets.topo.actions.place.PlaceAllActionTest" name="PDV16060_HC_ConnectorSharing" time="5.097" />
  <testcase classname="chs.caplets.topo.actions.place.PlaceAllActionTest" name="PDV17620_PlaceDeviceWithOptionExpression" time="2.883" />
  <testcase classname="chs.caplets.topo.actions.place.PlaceAllActionTest" name="PDVC-2493_DevicePlaceWithSpecialization" time="2.258" />
  <testcase classname="chs.caplets.topo.actions.place.PlaceAllActionTest" name="PDVC-2493_DevicePlaceWithSpecialization2" time="1.709" />
  <testcase classname="chs.caplets.topo.actions.place.PlaceAllActionTest" name="PDVC-2493_DevicePlaceWithSpecializationAndLibraryParts" time="1.822" />
  <testcase classname="chs.caplets.topo.actions.place.PlaceAllActionTest" name="PDVC-2714_CompatibleConnectorMating" time="5.019" />
  <testcase classname="chs.caplets.topo.actions.place.PlaceAllActionTest" name="PDVC-2714_IncompatibleConnectorMating" time="2.784" />
  <testcase classname="chs.caplets.topo.actions.place.PlaceAllActionTest" name="PDVC1825_Holes" time="2.326" />
  <testcase classname="chs.caplets.topo.actions.place.PlaceAllActionTest" name="dts0100602623_SharedPinWithPinGroup" time="1.453" />
  <testcase classname="chs.caplets.topo.actions.place.PlaceAllActionTest" name="dts0100643832_PlaceDeviceWithFootprint" time="5.095" />
  <testcase classname="chs.caplets.topo.actions.place.PlaceAllActionTest" name="dts0100906901_NetAndShieldConnectedToPinOnSharedDevice" time="1.409" />
  <testcase classname="chs.caplets.topo.actions.place.PlaceAllActionTest" name="dts0100921780_PinMatching" time="4.516" />
  <testcase classname="chs.caplets.topo.actions.place.PlaceAllActionTest" name="dts0100938119_PlacementToVCWithPart" time="2.178" />
  <testcase classname="chs.caplets.topo.actions.place.PlaceAllActionTest" name="dts0100956201_PlacementRouter" time="1.218" />
  <testcase classname="chs.caplets.topo.actions.place.PlaceAllActionTest" name="dts0101005421_CustomConstraint" time="1.225" />
  <testcase classname="chs.caplets.topo.actions.place.PlaceAllActionTest" name="dts0101006363_RegexpSuppressed" time="1.278" />
  <testcase classname="chs.caplets.topo.actions.place.PlaceAllActionTest" name="dts0101089884_spuriousPartRemoval" time="2.068" />
  <testcase classname="chs.caplets.topo.actions.place.PlaceAllActionTest" name="dts0101201563_PlacementWithNonFinalisedVehicleModel" time="1.175" />
  <testcase classname="chs.caplets.topo.actions.place.PlaceAllActionTest" name="dts0101334729_HC_FootprintConstraint" time="1.84" />
  <testcase classname="chs.caplets.topo.actions.place.PlaceAllActionTest" name="dts0101334729_RingTerminal" time="2.147" />
  <testcase classname="chs.caplets.topo.actions.place.PlaceAllActionTest" name="dts0101364902_SpuriousNormalization" time="0.999" />
  <system-out><![CDATA[Using G:\iesdwa\qualitygates\wa\2021.1_ADP1_DEV_installer_porting\code\iesd\ctopology_src\tests\testdata\chs\caplets\topo\actions\place\PlaceAllActionTest\
====== Plugins will NOT be loaded ========
  If the test expects plugins then override CAFTestCase.disablePlugins
==========================================
//
//  V2021.1.1 [Build 608] (BETA) - 22 June 2021 (15:14 IST)
// [Commit: bbb1b5e82e6d03dbe863f004f847a91545a34b33]
// Copyright Mentor Graphics Corporation 2001-2021.
//   All Rights Reserved.
//
// This software is in pre-production form and is considered to be Beta Code that is subject to the terms of the current Mentor Graphics End-User License Agreement or your signed agreement with Mentor Graphics that contains beta terms, whichever applies
//
//  **** DEVELOPER BUILD - INTERNAL USE ONLY, NOT FOR DISTRIBUTION
//  **** Java Assertions enabled
//  Allocated Maximum Heap Size = 2048Mb
//  Application start time 2021-06-22 07:34:29 PM Irish Summer Time, using date format yyyy-MM-dd
//  Using JRE version 11.0.4 at C:\apps64\jdk-11.0.4
//
Loading adaptor declarations from: G:\iesdwa\qualitygates\wa\2021.1_ADP1_DEV_installer_porting\code\iesd\chs_home/adaptors/adaptors.xml
APP: Object Model Validation Level: HIGH 
APP: Capital Integrator initialized.
APP: This software is in pre-production form and is considered to be Beta Code that is subject to the terms of the current Mentor Graphics End-User License Agreement or your signed agreement with Mentor Graphics that contains beta terms, whichever applies
TestExecutionOrder=1,Test=PlaceAllActionTest,TestCaseName=IESCD992_secondPlacement
Using G:\iesdwa\qualitygates\wa\2021.1_ADP1_DEV_installer_porting\code\iesd\ctopology_src\tests\testdata\chs\caplets\topo\actions\place\PlaceAllActionTest\IESCD992_secondPlacement.xml
Validation of active object caches is enabled
Using G:\iesdwa\qualitygates\wa\2021.1_ADP1_DEV_installer_porting\code\iesd\ctopology_src\tests\testdata\chs\caplets\topo\actions\place\PlaceAllActionTest\reference\IESCD992_secondPlacement.xml
Using G:\iesdwa\qualitygates\wa\2021.1_ADP1_DEV_installer_porting\code\iesd\ctopology_src\tests\testdata\chs\caplets\topo\actions\place\PlaceAllActionTest\reference\IESCD992_secondPlacement.xml
Using G:\iesdwa\qualitygates\wa\2021.1_ADP1_DEV_installer_porting\code\iesd\ctopology_src\tests\testdata\chs\caplets\topo\actions\place\PlaceAllActionTest\reference\IESCD992_secondPlacement.xml
Using G:\iesdwa\qualitygates\wa\2021.1_ADP1_DEV_installer_porting\code\iesd\ctopology_src\tests\testdata\chs\caplets\topo\actions\place\PlaceAllActionTest\reference\IESCD992_secondPlacement.xml
TestExecutionOrder=2,Test=PlaceAllActionTest,TestCaseName=IESCD992_updateMappings
Using G:\iesdwa\qualitygates\wa\2021.1_ADP1_DEV_installer_porting\code\iesd\ctopology_src\tests\testdata\chs\caplets\topo\actions\place\PlaceAllActionTest\IESCD992_updateMappings.xml
Using G:\iesdwa\qualitygates\wa\2021.1_ADP1_DEV_installer_porting\code\iesd\ctopology_src\tests\testdata\chs\caplets\topo\actions\place\PlaceAllActionTest\reference\IESCD992_updateMappings.xml
Using G:\iesdwa\qualitygates\wa\2021.1_ADP1_DEV_installer_porting\code\iesd\ctopology_src\tests\testdata\chs\caplets\topo\actions\place\PlaceAllActionTest\reference\IESCD992_updateMappings.xml
Using G:\iesdwa\qualitygates\wa\2021.1_ADP1_DEV_installer_porting\code\iesd\ctopology_src\tests\testdata\chs\caplets\topo\actions\place\PlaceAllActionTest\reference\IESCD992_updateMappings.xml
Using G:\iesdwa\qualitygates\wa\2021.1_ADP1_DEV_installer_porting\code\iesd\ctopology_src\tests\testdata\chs\caplets\topo\actions\place\PlaceAllActionTest\reference\IESCD992_updateMappings.xml
TestExecutionOrder=3,Test=PlaceAllActionTest,TestCaseName=PDV-17431_AutoPlace
Using G:\iesdwa\qualitygates\wa\2021.1_ADP1_DEV_installer_porting\code\iesd\ctopology_src\tests\testdata\chs\caplets\topo\actions\place\PlaceAllActionTest\PDV-17431_AutoPlace.xml
Using G:\iesdwa\qualitygates\wa\2021.1_ADP1_DEV_installer_porting\code\iesd\ctopology_src\tests\testdata\chs\caplets\topo\actions\place\PlaceAllActionTest\reference\PDV-17431_AutoPlace.xml
Using G:\iesdwa\qualitygates\wa\2021.1_ADP1_DEV_installer_porting\code\iesd\ctopology_src\tests\testdata\chs\caplets\topo\actions\place\PlaceAllActionTest\reference\PDV-17431_AutoPlace.xml
Using G:\iesdwa\qualitygates\wa\2021.1_ADP1_DEV_installer_porting\code\iesd\ctopology_src\tests\testdata\chs\caplets\topo\actions\place\PlaceAllActionTest\reference\PDV-17431_AutoPlace.xml
Using G:\iesdwa\qualitygates\wa\2021.1_ADP1_DEV_installer_porting\code\iesd\ctopology_src\tests\testdata\chs\caplets\topo\actions\place\PlaceAllActionTest\reference\PDV-17431_AutoPlace.xml
TestExecutionOrder=4,Test=PlaceAllActionTest,TestCaseName=PDV-17431_AutoPlaceSharedDevice
Using G:\iesdwa\qualitygates\wa\2021.1_ADP1_DEV_installer_porting\code\iesd\ctopology_src\tests\testdata\chs\caplets\topo\actions\place\PlaceAllActionTest\PDV-17431_AutoPlaceSharedDevice.xml
Using G:\iesdwa\qualitygates\wa\2021.1_ADP1_DEV_installer_porting\code\iesd\ctopology_src\tests\testdata\chs\caplets\topo\actions\place\PlaceAllActionTest\reference\PDV-17431_AutoPlaceSharedDevice.xml
Using G:\iesdwa\qualitygates\wa\2021.1_ADP1_DEV_installer_porting\code\iesd\ctopology_src\tests\testdata\chs\caplets\topo\actions\place\PlaceAllActionTest\reference\PDV-17431_AutoPlaceSharedDevice.xml
Using G:\iesdwa\qualitygates\wa\2021.1_ADP1_DEV_installer_porting\code\iesd\ctopology_src\tests\testdata\chs\caplets\topo\actions\place\PlaceAllActionTest\reference\PDV-17431_AutoPlaceSharedDevice.xml
Using G:\iesdwa\qualitygates\wa\2021.1_ADP1_DEV_installer_porting\code\iesd\ctopology_src\tests\testdata\chs\caplets\topo\actions\place\PlaceAllActionTest\reference\PDV-17431_AutoPlaceSharedDevice.xml
TestExecutionOrder=5,Test=PlaceAllActionTest,TestCaseName=PDV16060_HC_ConnectorSharing
Using G:\iesdwa\qualitygates\wa\2021.1_ADP1_DEV_installer_porting\code\iesd\ctopology_src\tests\testdata\chs\caplets\topo\actions\place\PlaceAllActionTest\PDV16060_HC_ConnectorSharing.xml
Using G:\iesdwa\qualitygates\wa\2021.1_ADP1_DEV_installer_porting\code\iesd\ctopology_src\tests\testdata\chs\caplets\topo\actions\place\PlaceAllActionTest\PDV16060_HC_ConnectorSharing.parts
Using G:\iesdwa\qualitygates\wa\2021.1_ADP1_DEV_installer_porting\code\iesd\ctopology_src\tests\testdata\chs\caplets\topo\actions\place\PlaceAllActionTest\reference\PDV16060_HC_ConnectorSharing.xml
Using G:\iesdwa\qualitygates\wa\2021.1_ADP1_DEV_installer_porting\code\iesd\ctopology_src\tests\testdata\chs\caplets\topo\actions\place\PlaceAllActionTest\reference\PDV16060_HC_ConnectorSharing.xml
Using G:\iesdwa\qualitygates\wa\2021.1_ADP1_DEV_installer_porting\code\iesd\ctopology_src\tests\testdata\chs\caplets\topo\actions\place\PlaceAllActionTest\reference\PDV16060_HC_ConnectorSharing.xml
Using G:\iesdwa\qualitygates\wa\2021.1_ADP1_DEV_installer_porting\code\iesd\ctopology_src\tests\testdata\chs\caplets\topo\actions\place\PlaceAllActionTest\reference\PDV16060_HC_ConnectorSharing.xml
TestExecutionOrder=6,Test=PlaceAllActionTest,TestCaseName=PDV17620_PlaceDeviceWithOptionExpression
Using G:\iesdwa\qualitygates\wa\2021.1_ADP1_DEV_installer_porting\code\iesd\ctopology_src\tests\testdata\chs\caplets\topo\actions\place\PlaceAllActionTest\PDV17620_PlaceDeviceWithOptionExpression.xml
Using G:\iesdwa\qualitygates\wa\2021.1_ADP1_DEV_installer_porting\code\iesd\ctopology_src\tests\testdata\chs\caplets\topo\actions\place\PlaceAllActionTest\reference\PDV17620_PlaceDeviceWithOptionExpression.msgs
Using G:\iesdwa\qualitygates\wa\2021.1_ADP1_DEV_installer_porting\code\iesd\ctopology_src\tests\testdata\chs\caplets\topo\actions\place\PlaceAllActionTest\reference\PDV17620_PlaceDeviceWithOptionExpression.xml
Using G:\iesdwa\qualitygates\wa\2021.1_ADP1_DEV_installer_porting\code\iesd\ctopology_src\tests\testdata\chs\caplets\topo\actions\place\PlaceAllActionTest\reference\PDV17620_PlaceDeviceWithOptionExpression.xml
Using G:\iesdwa\qualitygates\wa\2021.1_ADP1_DEV_installer_porting\code\iesd\ctopology_src\tests\testdata\chs\caplets\topo\actions\place\PlaceAllActionTest\reference\PDV17620_PlaceDeviceWithOptionExpression.xml
Using G:\iesdwa\qualitygates\wa\2021.1_ADP1_DEV_installer_porting\code\iesd\ctopology_src\tests\testdata\chs\caplets\topo\actions\place\PlaceAllActionTest\reference\PDV17620_PlaceDeviceWithOptionExpression.xml
TestExecutionOrder=7,Test=PlaceAllActionTest,TestCaseName=PDVC-2493_DevicePlaceWithSpecialization
Using G:\iesdwa\qualitygates\wa\2021.1_ADP1_DEV_installer_porting\code\iesd\ctopology_src\tests\testdata\chs\caplets\topo\actions\place\PlaceAllActionTest\PDVC-2493_DevicePlaceWithSpecialization.xml
Using G:\iesdwa\qualitygates\wa\2021.1_ADP1_DEV_installer_porting\code\iesd\ctopology_src\tests\testdata\chs\caplets\topo\actions\place\PlaceAllActionTest\reference\PDVC-2493_DevicePlaceWithSpecialization.xml
Using G:\iesdwa\qualitygates\wa\2021.1_ADP1_DEV_installer_porting\code\iesd\ctopology_src\tests\testdata\chs\caplets\topo\actions\place\PlaceAllActionTest\reference\PDVC-2493_DevicePlaceWithSpecialization.xml
Using G:\iesdwa\qualitygates\wa\2021.1_ADP1_DEV_installer_porting\code\iesd\ctopology_src\tests\testdata\chs\caplets\topo\actions\place\PlaceAllActionTest\reference\PDVC-2493_DevicePlaceWithSpecialization.xml
Using G:\iesdwa\qualitygates\wa\2021.1_ADP1_DEV_installer_porting\code\iesd\ctopology_src\tests\testdata\chs\caplets\topo\actions\place\PlaceAllActionTest\reference\PDVC-2493_DevicePlaceWithSpecialization.xml
TestExecutionOrder=8,Test=PlaceAllActionTest,TestCaseName=PDVC-2493_DevicePlaceWithSpecialization2
Using G:\iesdwa\qualitygates\wa\2021.1_ADP1_DEV_installer_porting\code\iesd\ctopology_src\tests\testdata\chs\caplets\topo\actions\place\PlaceAllActionTest\PDVC-2493_DevicePlaceWithSpecialization2.xml
Using G:\iesdwa\qualitygates\wa\2021.1_ADP1_DEV_installer_porting\code\iesd\ctopology_src\tests\testdata\chs\caplets\topo\actions\place\PlaceAllActionTest\reference\PDVC-2493_DevicePlaceWithSpecialization2.xml
Using G:\iesdwa\qualitygates\wa\2021.1_ADP1_DEV_installer_porting\code\iesd\ctopology_src\tests\testdata\chs\caplets\topo\actions\place\PlaceAllActionTest\reference\PDVC-2493_DevicePlaceWithSpecialization2.xml
Using G:\iesdwa\qualitygates\wa\2021.1_ADP1_DEV_installer_porting\code\iesd\ctopology_src\tests\testdata\chs\caplets\topo\actions\place\PlaceAllActionTest\reference\PDVC-2493_DevicePlaceWithSpecialization2.xml
Using G:\iesdwa\qualitygates\wa\2021.1_ADP1_DEV_installer_porting\code\iesd\ctopology_src\tests\testdata\chs\caplets\topo\actions\place\PlaceAllActionTest\reference\PDVC-2493_DevicePlaceWithSpecialization2.xml
TestExecutionOrder=9,Test=PlaceAllActionTest,TestCaseName=PDVC-2493_DevicePlaceWithSpecializationAndLibraryParts
Using G:\iesdwa\qualitygates\wa\2021.1_ADP1_DEV_installer_porting\code\iesd\ctopology_src\tests\testdata\chs\caplets\topo\actions\place\PlaceAllActionTest\PDVC-2493_DevicePlaceWithSpecializationAndLibraryParts.xml
Using G:\iesdwa\qualitygates\wa\2021.1_ADP1_DEV_installer_porting\code\iesd\ctopology_src\tests\testdata\chs\caplets\topo\actions\place\PlaceAllActionTest\reference\PDVC-2493_DevicePlaceWithSpecializationAndLibraryParts.xml
Using G:\iesdwa\qualitygates\wa\2021.1_ADP1_DEV_installer_porting\code\iesd\ctopology_src\tests\testdata\chs\caplets\topo\actions\place\PlaceAllActionTest\reference\PDVC-2493_DevicePlaceWithSpecializationAndLibraryParts.xml
Using G:\iesdwa\qualitygates\wa\2021.1_ADP1_DEV_installer_porting\code\iesd\ctopology_src\tests\testdata\chs\caplets\topo\actions\place\PlaceAllActionTest\reference\PDVC-2493_DevicePlaceWithSpecializationAndLibraryParts.xml
Using G:\iesdwa\qualitygates\wa\2021.1_ADP1_DEV_installer_porting\code\iesd\ctopology_src\tests\testdata\chs\caplets\topo\actions\place\PlaceAllActionTest\reference\PDVC-2493_DevicePlaceWithSpecializationAndLibraryParts.xml
TestExecutionOrder=10,Test=PlaceAllActionTest,TestCaseName=PDVC-2714_CompatibleConnectorMating
Using G:\iesdwa\qualitygates\wa\2021.1_ADP1_DEV_installer_porting\code\iesd\ctopology_src\tests\testdata\chs\caplets\topo\actions\place\PlaceAllActionTest\PDVC-2714_CompatibleConnectorMating.xml
Using G:\iesdwa\qualitygates\wa\2021.1_ADP1_DEV_installer_porting\code\iesd\ctopology_src\tests\testdata\chs\caplets\topo\actions\place\PlaceAllActionTest\PDVC-2714_CompatibleConnectorMating.parts
Using G:\iesdwa\qualitygates\wa\2021.1_ADP1_DEV_installer_porting\code\iesd\ctopology_src\tests\testdata\chs\caplets\topo\actions\place\PlaceAllActionTest\reference\PDVC-2714_CompatibleConnectorMating.xml
Using G:\iesdwa\qualitygates\wa\2021.1_ADP1_DEV_installer_porting\code\iesd\ctopology_src\tests\testdata\chs\caplets\topo\actions\place\PlaceAllActionTest\reference\PDVC-2714_CompatibleConnectorMating.xml
Using G:\iesdwa\qualitygates\wa\2021.1_ADP1_DEV_installer_porting\code\iesd\ctopology_src\tests\testdata\chs\caplets\topo\actions\place\PlaceAllActionTest\reference\PDVC-2714_CompatibleConnectorMating.xml
Using G:\iesdwa\qualitygates\wa\2021.1_ADP1_DEV_installer_porting\code\iesd\ctopology_src\tests\testdata\chs\caplets\topo\actions\place\PlaceAllActionTest\reference\PDVC-2714_CompatibleConnectorMating.xml
TestExecutionOrder=11,Test=PlaceAllActionTest,TestCaseName=PDVC-2714_IncompatibleConnectorMating
Using G:\iesdwa\qualitygates\wa\2021.1_ADP1_DEV_installer_porting\code\iesd\ctopology_src\tests\testdata\chs\caplets\topo\actions\place\PlaceAllActionTest\PDVC-2714_IncompatibleConnectorMating.xml
Using G:\iesdwa\qualitygates\wa\2021.1_ADP1_DEV_installer_porting\code\iesd\ctopology_src\tests\testdata\chs\caplets\topo\actions\place\PlaceAllActionTest\PDVC-2714_IncompatibleConnectorMating.parts
Using G:\iesdwa\qualitygates\wa\2021.1_ADP1_DEV_installer_porting\code\iesd\ctopology_src\tests\testdata\chs\caplets\topo\actions\place\PlaceAllActionTest\reference\PDVC-2714_IncompatibleConnectorMating.xml
Using G:\iesdwa\qualitygates\wa\2021.1_ADP1_DEV_installer_porting\code\iesd\ctopology_src\tests\testdata\chs\caplets\topo\actions\place\PlaceAllActionTest\reference\PDVC-2714_IncompatibleConnectorMating.xml
Using G:\iesdwa\qualitygates\wa\2021.1_ADP1_DEV_installer_porting\code\iesd\ctopology_src\tests\testdata\chs\caplets\topo\actions\place\PlaceAllActionTest\reference\PDVC-2714_IncompatibleConnectorMating.xml
Using G:\iesdwa\qualitygates\wa\2021.1_ADP1_DEV_installer_porting\code\iesd\ctopology_src\tests\testdata\chs\caplets\topo\actions\place\PlaceAllActionTest\reference\PDVC-2714_IncompatibleConnectorMating.xml
TestExecutionOrder=12,Test=PlaceAllActionTest,TestCaseName=PDVC1825_Holes
Using G:\iesdwa\qualitygates\wa\2021.1_ADP1_DEV_installer_porting\code\iesd\ctopology_src\tests\testdata\chs\caplets\topo\actions\place\PlaceAllActionTest\PDVC1825_Holes.xml
Using G:\iesdwa\qualitygates\wa\2021.1_ADP1_DEV_installer_porting\code\iesd\ctopology_src\tests\testdata\chs\caplets\topo\actions\place\PlaceAllActionTest\PDVC1825_Holes.parts
Using G:\iesdwa\qualitygates\wa\2021.1_ADP1_DEV_installer_porting\code\iesd\ctopology_src\tests\testdata\chs\caplets\topo\actions\place\PlaceAllActionTest\reference\PDVC1825_Holes.xml
Using G:\iesdwa\qualitygates\wa\2021.1_ADP1_DEV_installer_porting\code\iesd\ctopology_src\tests\testdata\chs\caplets\topo\actions\place\PlaceAllActionTest\reference\PDVC1825_Holes.xml
Using G:\iesdwa\qualitygates\wa\2021.1_ADP1_DEV_installer_porting\code\iesd\ctopology_src\tests\testdata\chs\caplets\topo\actions\place\PlaceAllActionTest\reference\PDVC1825_Holes.xml
Using G:\iesdwa\qualitygates\wa\2021.1_ADP1_DEV_installer_porting\code\iesd\ctopology_src\tests\testdata\chs\caplets\topo\actions\place\PlaceAllActionTest\reference\PDVC1825_Holes.xml
TestExecutionOrder=13,Test=PlaceAllActionTest,TestCaseName=dts0100602623_SharedPinWithPinGroup
Using G:\iesdwa\qualitygates\wa\2021.1_ADP1_DEV_installer_porting\code\iesd\ctopology_src\tests\testdata\chs\caplets\topo\actions\place\PlaceAllActionTest\dts0100602623_SharedPinWithPinGroup.xml
Data Validation: Junk name space found in project dts0100602623_SharedPinWithPinGroup, Topology design IntegratorDesign1, Revision 1
Data Validation: Deleted name space
Using G:\iesdwa\qualitygates\wa\2021.1_ADP1_DEV_installer_porting\code\iesd\ctopology_src\tests\testdata\chs\caplets\topo\actions\place\PlaceAllActionTest\reference\dts0100602623_SharedPinWithPinGroup.xml
Using G:\iesdwa\qualitygates\wa\2021.1_ADP1_DEV_installer_porting\code\iesd\ctopology_src\tests\testdata\chs\caplets\topo\actions\place\PlaceAllActionTest\reference\dts0100602623_SharedPinWithPinGroup.xml
Using G:\iesdwa\qualitygates\wa\2021.1_ADP1_DEV_installer_porting\code\iesd\ctopology_src\tests\testdata\chs\caplets\topo\actions\place\PlaceAllActionTest\reference\dts0100602623_SharedPinWithPinGroup.xml
Data Validation: Junk name space found in project dts0100602623_SharedPinWithPinGroup, Topology design IntegratorDesign1, Revision 1
Data Validation: Deleted name space
Using G:\iesdwa\qualitygates\wa\2021.1_ADP1_DEV_installer_porting\code\iesd\ctopology_src\tests\testdata\chs\caplets\topo\actions\place\PlaceAllActionTest\reference\dts0100602623_SharedPinWithPinGroup.xml
TestExecutionOrder=14,Test=PlaceAllActionTest,TestCaseName=dts0100643832_PlaceDeviceWithFootprint
Using G:\iesdwa\qualitygates\wa\2021.1_ADP1_DEV_installer_porting\code\iesd\ctopology_src\tests\testdata\chs\caplets\topo\actions\place\PlaceAllActionTest\dts0100643832_PlaceDeviceWithFootprint.xml
Using G:\iesdwa\qualitygates\wa\2021.1_ADP1_DEV_installer_porting\code\iesd\ctopology_src\tests\testdata\chs\caplets\topo\actions\place\PlaceAllActionTest\dts0100643832_PlaceDeviceWithFootprint.parts
Using G:\iesdwa\qualitygates\wa\2021.1_ADP1_DEV_installer_porting\code\iesd\ctopology_src\tests\testdata\chs\caplets\topo\actions\place\PlaceAllActionTest\reference\
Using G:\iesdwa\qualitygates\wa\2021.1_ADP1_DEV_installer_porting\code\iesd\ctopology_src\tests\testdata\chs\caplets\topo\actions\place\PlaceAllActionTest\reference\dts0100643832_PlaceDeviceWithFootprint.xml
Using G:\iesdwa\qualitygates\wa\2021.1_ADP1_DEV_installer_porting\code\iesd\ctopology_src\tests\testdata\chs\caplets\topo\actions\place\PlaceAllActionTest\reference\dts0100643832_PlaceDeviceWithFootprint.xml
Using G:\iesdwa\qualitygates\wa\2021.1_ADP1_DEV_installer_porting\code\iesd\ctopology_src\tests\testdata\chs\caplets\topo\actions\place\PlaceAllActionTest\reference\dts0100643832_PlaceDeviceWithFootprint.xml
Using G:\iesdwa\qualitygates\wa\2021.1_ADP1_DEV_installer_porting\code\iesd\ctopology_src\tests\testdata\chs\caplets\topo\actions\place\PlaceAllActionTest\reference\dts0100643832_PlaceDeviceWithFootprint.xml
TestExecutionOrder=15,Test=PlaceAllActionTest,TestCaseName=dts0100906901_NetAndShieldConnectedToPinOnSharedDevice
Using G:\iesdwa\qualitygates\wa\2021.1_ADP1_DEV_installer_porting\code\iesd\ctopology_src\tests\testdata\chs\caplets\topo\actions\place\PlaceAllActionTest\dts0100906901_NetAndShieldConnectedToPinOnSharedDevice.xml
Using G:\iesdwa\qualitygates\wa\2021.1_ADP1_DEV_installer_porting\code\iesd\ctopology_src\tests\testdata\chs\caplets\topo\actions\place\PlaceAllActionTest\reference\dts0100906901_NetAndShieldConnectedToPinOnSharedDevice.xml
Using G:\iesdwa\qualitygates\wa\2021.1_ADP1_DEV_installer_porting\code\iesd\ctopology_src\tests\testdata\chs\caplets\topo\actions\place\PlaceAllActionTest\reference\dts0100906901_NetAndShieldConnectedToPinOnSharedDevice.xml
Using G:\iesdwa\qualitygates\wa\2021.1_ADP1_DEV_installer_porting\code\iesd\ctopology_src\tests\testdata\chs\caplets\topo\actions\place\PlaceAllActionTest\reference\dts0100906901_NetAndShieldConnectedToPinOnSharedDevice.xml
Using G:\iesdwa\qualitygates\wa\2021.1_ADP1_DEV_installer_porting\code\iesd\ctopology_src\tests\testdata\chs\caplets\topo\actions\place\PlaceAllActionTest\reference\dts0100906901_NetAndShieldConnectedToPinOnSharedDevice.xml
TestExecutionOrder=16,Test=PlaceAllActionTest,TestCaseName=dts0100921780_PinMatching
Using G:\iesdwa\qualitygates\wa\2021.1_ADP1_DEV_installer_porting\code\iesd\ctopology_src\tests\testdata\chs\caplets\topo\actions\place\PlaceAllActionTest\dts0100921780_PinMatching.xml
Using G:\iesdwa\qualitygates\wa\2021.1_ADP1_DEV_installer_porting\code\iesd\ctopology_src\tests\testdata\chs\caplets\topo\actions\place\PlaceAllActionTest\dts0100921780_PinMatching.parts
Using G:\iesdwa\qualitygates\wa\2021.1_ADP1_DEV_installer_porting\code\iesd\ctopology_src\tests\testdata\chs\caplets\topo\actions\place\PlaceAllActionTest\reference\dts0100921780_PinMatching.xml
Using G:\iesdwa\qualitygates\wa\2021.1_ADP1_DEV_installer_porting\code\iesd\ctopology_src\tests\testdata\chs\caplets\topo\actions\place\PlaceAllActionTest\reference\dts0100921780_PinMatching.xml
Using G:\iesdwa\qualitygates\wa\2021.1_ADP1_DEV_installer_porting\code\iesd\ctopology_src\tests\testdata\chs\caplets\topo\actions\place\PlaceAllActionTest\reference\dts0100921780_PinMatching.xml
Using G:\iesdwa\qualitygates\wa\2021.1_ADP1_DEV_installer_porting\code\iesd\ctopology_src\tests\testdata\chs\caplets\topo\actions\place\PlaceAllActionTest\reference\dts0100921780_PinMatching.xml
TestExecutionOrder=17,Test=PlaceAllActionTest,TestCaseName=dts0100938119_PlacementToVCWithPart
Using G:\iesdwa\qualitygates\wa\2021.1_ADP1_DEV_installer_porting\code\iesd\ctopology_src\tests\testdata\chs\caplets\topo\actions\place\PlaceAllActionTest\dts0100938119_PlacementToVCWithPart.xml
Using G:\iesdwa\qualitygates\wa\2021.1_ADP1_DEV_installer_porting\code\iesd\ctopology_src\tests\testdata\chs\caplets\topo\actions\place\PlaceAllActionTest\dts0100938119_PlacementToVCWithPart.parts
Using G:\iesdwa\qualitygates\wa\2021.1_ADP1_DEV_installer_porting\code\iesd\ctopology_src\tests\testdata\chs\caplets\topo\actions\place\PlaceAllActionTest\reference\dts0100938119_PlacementToVCWithPart.xml
Using G:\iesdwa\qualitygates\wa\2021.1_ADP1_DEV_installer_porting\code\iesd\ctopology_src\tests\testdata\chs\caplets\topo\actions\place\PlaceAllActionTest\reference\dts0100938119_PlacementToVCWithPart.xml
Using G:\iesdwa\qualitygates\wa\2021.1_ADP1_DEV_installer_porting\code\iesd\ctopology_src\tests\testdata\chs\caplets\topo\actions\place\PlaceAllActionTest\reference\dts0100938119_PlacementToVCWithPart.xml
Using G:\iesdwa\qualitygates\wa\2021.1_ADP1_DEV_installer_porting\code\iesd\ctopology_src\tests\testdata\chs\caplets\topo\actions\place\PlaceAllActionTest\reference\dts0100938119_PlacementToVCWithPart.xml
TestExecutionOrder=18,Test=PlaceAllActionTest,TestCaseName=dts0100956201_PlacementRouter
Using G:\iesdwa\qualitygates\wa\2021.1_ADP1_DEV_installer_porting\code\iesd\ctopology_src\tests\testdata\chs\caplets\topo\actions\place\PlaceAllActionTest\dts0100956201_PlacementRouter.xml
Using G:\iesdwa\qualitygates\wa\2021.1_ADP1_DEV_installer_porting\code\iesd\ctopology_src\tests\testdata\chs\caplets\topo\actions\place\PlaceAllActionTest\reference\dts0100956201_PlacementRouter.xml
Using G:\iesdwa\qualitygates\wa\2021.1_ADP1_DEV_installer_porting\code\iesd\ctopology_src\tests\testdata\chs\caplets\topo\actions\place\PlaceAllActionTest\reference\dts0100956201_PlacementRouter.xml
Using G:\iesdwa\qualitygates\wa\2021.1_ADP1_DEV_installer_porting\code\iesd\ctopology_src\tests\testdata\chs\caplets\topo\actions\place\PlaceAllActionTest\reference\dts0100956201_PlacementRouter.xml
Using G:\iesdwa\qualitygates\wa\2021.1_ADP1_DEV_installer_porting\code\iesd\ctopology_src\tests\testdata\chs\caplets\topo\actions\place\PlaceAllActionTest\reference\dts0100956201_PlacementRouter.xml
TestExecutionOrder=19,Test=PlaceAllActionTest,TestCaseName=dts0101005421_CustomConstraint
Using G:\iesdwa\qualitygates\wa\2021.1_ADP1_DEV_installer_porting\code\iesd\ctopology_src\tests\testdata\chs\caplets\topo\actions\place\PlaceAllActionTest\dts0101005421_CustomConstraint.xml
Using G:\iesdwa\qualitygates\wa\2021.1_ADP1_DEV_installer_porting\code\iesd\ctopology_src\tests\testdata\chs\caplets\topo\actions\place\PlaceAllActionTest\reference\dts0101005421_CustomConstraint.msgs
Using G:\iesdwa\qualitygates\wa\2021.1_ADP1_DEV_installer_porting\code\iesd\ctopology_src\tests\testdata\chs\caplets\topo\actions\place\PlaceAllActionTest\reference\dts0101005421_CustomConstraint.xml
Using G:\iesdwa\qualitygates\wa\2021.1_ADP1_DEV_installer_porting\code\iesd\ctopology_src\tests\testdata\chs\caplets\topo\actions\place\PlaceAllActionTest\reference\dts0101005421_CustomConstraint.xml
Using G:\iesdwa\qualitygates\wa\2021.1_ADP1_DEV_installer_porting\code\iesd\ctopology_src\tests\testdata\chs\caplets\topo\actions\place\PlaceAllActionTest\reference\dts0101005421_CustomConstraint.xml
Using G:\iesdwa\qualitygates\wa\2021.1_ADP1_DEV_installer_porting\code\iesd\ctopology_src\tests\testdata\chs\caplets\topo\actions\place\PlaceAllActionTest\reference\dts0101005421_CustomConstraint.xml
TestExecutionOrder=20,Test=PlaceAllActionTest,TestCaseName=dts0101006363_RegexpSuppressed
Using G:\iesdwa\qualitygates\wa\2021.1_ADP1_DEV_installer_porting\code\iesd\ctopology_src\tests\testdata\chs\caplets\topo\actions\place\PlaceAllActionTest\dts0101006363_RegexpSuppressed.xml
Using G:\iesdwa\qualitygates\wa\2021.1_ADP1_DEV_installer_porting\code\iesd\ctopology_src\tests\testdata\chs\caplets\topo\actions\place\PlaceAllActionTest\reference\dts0101006363_RegexpSuppressed.xml
Using G:\iesdwa\qualitygates\wa\2021.1_ADP1_DEV_installer_porting\code\iesd\ctopology_src\tests\testdata\chs\caplets\topo\actions\place\PlaceAllActionTest\reference\dts0101006363_RegexpSuppressed.xml
Using G:\iesdwa\qualitygates\wa\2021.1_ADP1_DEV_installer_porting\code\iesd\ctopology_src\tests\testdata\chs\caplets\topo\actions\place\PlaceAllActionTest\reference\dts0101006363_RegexpSuppressed.xml
Using G:\iesdwa\qualitygates\wa\2021.1_ADP1_DEV_installer_porting\code\iesd\ctopology_src\tests\testdata\chs\caplets\topo\actions\place\PlaceAllActionTest\reference\dts0101006363_RegexpSuppressed.xml
TestExecutionOrder=21,Test=PlaceAllActionTest,TestCaseName=dts0101089884_spuriousPartRemoval
Using G:\iesdwa\qualitygates\wa\2021.1_ADP1_DEV_installer_porting\code\iesd\ctopology_src\tests\testdata\chs\caplets\topo\actions\place\PlaceAllActionTest\dts0101089884_spuriousPartRemoval.xml
Using G:\iesdwa\qualitygates\wa\2021.1_ADP1_DEV_installer_porting\code\iesd\ctopology_src\tests\testdata\chs\caplets\topo\actions\place\PlaceAllActionTest\dts0101089884_spuriousPartRemoval.parts
Using G:\iesdwa\qualitygates\wa\2021.1_ADP1_DEV_installer_porting\code\iesd\ctopology_src\tests\testdata\chs\caplets\topo\actions\place\PlaceAllActionTest\reference\dts0101089884_spuriousPartRemoval.xml
Using G:\iesdwa\qualitygates\wa\2021.1_ADP1_DEV_installer_porting\code\iesd\ctopology_src\tests\testdata\chs\caplets\topo\actions\place\PlaceAllActionTest\reference\dts0101089884_spuriousPartRemoval.xml
Using G:\iesdwa\qualitygates\wa\2021.1_ADP1_DEV_installer_porting\code\iesd\ctopology_src\tests\testdata\chs\caplets\topo\actions\place\PlaceAllActionTest\reference\dts0101089884_spuriousPartRemoval.xml
Using G:\iesdwa\qualitygates\wa\2021.1_ADP1_DEV_installer_porting\code\iesd\ctopology_src\tests\testdata\chs\caplets\topo\actions\place\PlaceAllActionTest\reference\dts0101089884_spuriousPartRemoval.xml
TestExecutionOrder=22,Test=PlaceAllActionTest,TestCaseName=dts0101201563_PlacementWithNonFinalisedVehicleModel
Using G:\iesdwa\qualitygates\wa\2021.1_ADP1_DEV_installer_porting\code\iesd\ctopology_src\tests\testdata\chs\caplets\topo\actions\place\PlaceAllActionTest\dts0101201563_PlacementWithNonFinalisedVehicleModel.xml
Using G:\iesdwa\qualitygates\wa\2021.1_ADP1_DEV_installer_porting\code\iesd\ctopology_src\tests\testdata\chs\caplets\topo\actions\place\PlaceAllActionTest\reference\dts0101201563_PlacementWithNonFinalisedVehicleModel.xml
Using G:\iesdwa\qualitygates\wa\2021.1_ADP1_DEV_installer_porting\code\iesd\ctopology_src\tests\testdata\chs\caplets\topo\actions\place\PlaceAllActionTest\reference\dts0101201563_PlacementWithNonFinalisedVehicleModel.xml
Using G:\iesdwa\qualitygates\wa\2021.1_ADP1_DEV_installer_porting\code\iesd\ctopology_src\tests\testdata\chs\caplets\topo\actions\place\PlaceAllActionTest\reference\dts0101201563_PlacementWithNonFinalisedVehicleModel.xml
Using G:\iesdwa\qualitygates\wa\2021.1_ADP1_DEV_installer_porting\code\iesd\ctopology_src\tests\testdata\chs\caplets\topo\actions\place\PlaceAllActionTest\reference\dts0101201563_PlacementWithNonFinalisedVehicleModel.xml
TestExecutionOrder=23,Test=PlaceAllActionTest,TestCaseName=dts0101334729_HC_FootprintConstraint
Using G:\iesdwa\qualitygates\wa\2021.1_ADP1_DEV_installer_porting\code\iesd\ctopology_src\tests\testdata\chs\caplets\topo\actions\place\PlaceAllActionTest\dts0101334729_HC_FootprintConstraint.xml
Using G:\iesdwa\qualitygates\wa\2021.1_ADP1_DEV_installer_porting\code\iesd\ctopology_src\tests\testdata\chs\caplets\topo\actions\place\PlaceAllActionTest\dts0101334729_HC_FootprintConstraint.parts
Using G:\iesdwa\qualitygates\wa\2021.1_ADP1_DEV_installer_porting\code\iesd\ctopology_src\tests\testdata\chs\caplets\topo\actions\place\PlaceAllActionTest\reference\dts0101334729_HC_FootprintConstraint.xml
Using G:\iesdwa\qualitygates\wa\2021.1_ADP1_DEV_installer_porting\code\iesd\ctopology_src\tests\testdata\chs\caplets\topo\actions\place\PlaceAllActionTest\reference\dts0101334729_HC_FootprintConstraint.xml
Using G:\iesdwa\qualitygates\wa\2021.1_ADP1_DEV_installer_porting\code\iesd\ctopology_src\tests\testdata\chs\caplets\topo\actions\place\PlaceAllActionTest\reference\dts0101334729_HC_FootprintConstraint.xml
Using G:\iesdwa\qualitygates\wa\2021.1_ADP1_DEV_installer_porting\code\iesd\ctopology_src\tests\testdata\chs\caplets\topo\actions\place\PlaceAllActionTest\reference\dts0101334729_HC_FootprintConstraint.xml
TestExecutionOrder=24,Test=PlaceAllActionTest,TestCaseName=dts0101334729_RingTerminal
Using G:\iesdwa\qualitygates\wa\2021.1_ADP1_DEV_installer_porting\code\iesd\ctopology_src\tests\testdata\chs\caplets\topo\actions\place\PlaceAllActionTest\dts0101334729_RingTerminal.xml
Using G:\iesdwa\qualitygates\wa\2021.1_ADP1_DEV_installer_porting\code\iesd\ctopology_src\tests\testdata\chs\caplets\topo\actions\place\PlaceAllActionTest\dts0101334729_RingTerminal.parts
Using G:\iesdwa\qualitygates\wa\2021.1_ADP1_DEV_installer_porting\code\iesd\ctopology_src\tests\testdata\chs\caplets\topo\actions\place\PlaceAllActionTest\reference\dts0101334729_RingTerminal.xml
Using G:\iesdwa\qualitygates\wa\2021.1_ADP1_DEV_installer_porting\code\iesd\ctopology_src\tests\testdata\chs\caplets\topo\actions\place\PlaceAllActionTest\reference\dts0101334729_RingTerminal.xml
Using G:\iesdwa\qualitygates\wa\2021.1_ADP1_DEV_installer_porting\code\iesd\ctopology_src\tests\testdata\chs\caplets\topo\actions\place\PlaceAllActionTest\reference\dts0101334729_RingTerminal.xml
Using G:\iesdwa\qualitygates\wa\2021.1_ADP1_DEV_installer_porting\code\iesd\ctopology_src\tests\testdata\chs\caplets\topo\actions\place\PlaceAllActionTest\reference\dts0101334729_RingTerminal.xml
TestExecutionOrder=25,Test=PlaceAllActionTest,TestCaseName=dts0101364902_SpuriousNormalization
Using G:\iesdwa\qualitygates\wa\2021.1_ADP1_DEV_installer_porting\code\iesd\ctopology_src\tests\testdata\chs\caplets\topo\actions\place\PlaceAllActionTest\dts0101364902_SpuriousNormalization.xml
Using G:\iesdwa\qualitygates\wa\2021.1_ADP1_DEV_installer_porting\code\iesd\ctopology_src\tests\testdata\chs\caplets\topo\actions\place\PlaceAllActionTest\reference\dts0101364902_SpuriousNormalization.xml
Using G:\iesdwa\qualitygates\wa\2021.1_ADP1_DEV_installer_porting\code\iesd\ctopology_src\tests\testdata\chs\caplets\topo\actions\place\PlaceAllActionTest\reference\dts0101364902_SpuriousNormalization.xml
Using G:\iesdwa\qualitygates\wa\2021.1_ADP1_DEV_installer_porting\code\iesd\ctopology_src\tests\testdata\chs\caplets\topo\actions\place\PlaceAllActionTest\reference\dts0101364902_SpuriousNormalization.xml
Using G:\iesdwa\qualitygates\wa\2021.1_ADP1_DEV_installer_porting\code\iesd\ctopology_src\tests\testdata\chs\caplets\topo\actions\place\PlaceAllActionTest\reference\dts0101364902_SpuriousNormalization.xml
]]></system-out>
  <system-err><![CDATA[]]></system-err>
</testsuite>
