<?xml version="1.0" encoding="UTF-8" ?>
<testsuite errors="0" failures="0" hostname="ies-iesdwx-n316" name="chs.caplets.logic.actions.ConnectivityCommonPinSelectionPanelTest" skipped="0" tests="13" time="26.056" timestamp="2021-06-22T18:37:53">
  <properties>
[...]
</properties>
  <testcase classname="chs.caplets.logic.actions.ConnectivityCommonPinSelectionPanelTest" name="testComponentsForConnectorInVeSysSuite" time="20.972" />
  <testcase classname="chs.caplets.logic.actions.ConnectivityCommonPinSelectionPanelTest" name="testPinSelectionSymbolTreeAndPinTableCardPanelHandlesMousePressEvents" time="1.883" />
  <testcase classname="chs.caplets.logic.actions.ConnectivityCommonPinSelectionPanelTest" name="testPinSelectionSymbolTreeAndPinTableCardPanelHandlesKeyPressEvents" time="0.46" />
  <testcase classname="chs.caplets.logic.actions.ConnectivityCommonPinSelectionPanelTest" name="testCapabilityObjectsForDeviceWithoutSymbolInSEESuite" time="0.235" />
  <testcase classname="chs.caplets.logic.actions.ConnectivityCommonPinSelectionPanelTest" name="testCapabilitesForDeviceWithSymbolInSEESuite" time="0.106" />
  <testcase classname="chs.caplets.logic.actions.ConnectivityCommonPinSelectionPanelTest" name="testCapabilitesForDeviceWithoutSymbolInCapitalSuite" time="0.753" />
  <testcase classname="chs.caplets.logic.actions.ConnectivityCommonPinSelectionPanelTest" name="testCapabilitesForDeviceWithoutSymbolInVeSysSuite" time="0.085" />
  <testcase classname="chs.caplets.logic.actions.ConnectivityCommonPinSelectionPanelTest" name="testComponentsForDeviceWithSymbolInSEESuite" time="0.292" />
  <testcase classname="chs.caplets.logic.actions.ConnectivityCommonPinSelectionPanelTest" name="testCapabilitesForDeviceWithoutSymbolInSEESuite" time="0.201" />
  <testcase classname="chs.caplets.logic.actions.ConnectivityCommonPinSelectionPanelTest" name="testComponentsForDeviceWithSymbolInVeSysSuite" time="0.301" />
  <testcase classname="chs.caplets.logic.actions.ConnectivityCommonPinSelectionPanelTest" name="testCapabilitesForDeviceWithSymbolInCapitalSuite" time="0.045" />
  <testcase classname="chs.caplets.logic.actions.ConnectivityCommonPinSelectionPanelTest" name="testCapabilitesForDeviceWithSymbolInVeSysSuite" time="0.061" />
  <testcase classname="chs.caplets.logic.actions.ConnectivityCommonPinSelectionPanelTest" name="testComponentsForDeviceWithoutSymbolInVeSysSuite" time="0.107" />
  <system-out><![CDATA[ WARN [main] (ANSServices.java:140) - Resource class loader for ANS is not initialized. This should occur only in a Test Environment.Falling back on current class loader.
APP: Extended Private plugins loaded: 198
 Using plugins from G:\iesdwa\qualitygates\wa\2021.1_ADP1_DEV_installer_porting\code\iesd\chs_home\plugins
APP: Built-in modules loaded: 81
]]></system-out>
  <system-err><![CDATA[Jun 22, 2021 7:38:08 PM com.mentor.iesd.reports.publish.PublishLogicBOMConfig loadConfig
SEVERE: java.io.FileNotFoundException: G:\iesdwa\qualitygates\wa\2021.1_ADP1_DEV_installer_porting\code\iesd\chs_home\lib\teamcenter\LogicBOMConfig.xml
]]></system-err>
</testsuite>
